<?xml version="1.0" encoding="UTF-8"?>
<testsuite name="TestCategory" tests="1" skipped="0" failures="0" errors="0" timestamp="2020-08-06T06:26:43" hostname="NanaminoMacBook-Pro.local" time="0.099">
  <properties/>
  <testcase name="create_category_insert_table" classname="TestCategory" time="0.099"/>
  <system-out><![CDATA[before ancestor: , now ancestor: Beauty
新しい大カテゴリーの登場
before ancestor: , now ancestor: Beauty
新しい中カテゴリーの登場
before descendant: , now descendant: Bath & Body
before ancestor: Beauty, now ancestor: Beauty
前回と大カテゴリーが一緒
before ancestor: Beauty, now ancestor: Beauty
中カテゴリーは前回と一緒
before descendant: Bath & Body, now descendant: Bath & Body
before ancestor: Beauty, now ancestor: Beauty
前回と大カテゴリーが一緒
before ancestor: Beauty, now ancestor: Beauty
中カテゴリーは前回と一緒
before descendant: Bath & Body, now descendant: Bath & Body
before ancestor: Beauty, now ancestor: Beauty
前回と大カテゴリーが一緒
before ancestor: Beauty, now ancestor: Beauty
中カテゴリーは前回と一緒
before descendant: Bath & Body, now descendant: Bath & Body
before ancestor: Beauty, now ancestor: Beauty
前回と大カテゴリーが一緒
before ancestor: Beauty, now ancestor: Beauty
中カテゴリーは前回と一緒
before descendant: Bath & Body, now descendant: Bath & Body
before ancestor: Beauty, now ancestor: Beauty
前回と大カテゴリーが一緒
before ancestor: Beauty, now ancestor: Beauty
中カテゴリーは前回と一緒
before descendant: Bath & Body, now descendant: Bath & Body
before ancestor: Beauty, now ancestor: Beauty
前回と大カテゴリーが一緒
before ancestor: Beauty, now ancestor: Beauty
前回と中カテゴリーが一緒
before descendant: Bath & Body, now descendant: Fragrance
before ancestor: Beauty, now ancestor: Beauty
前回と大カテゴリーが一緒
before ancestor: Beauty, now ancestor: Beauty
中カテゴリーは前回と一緒
before descendant: Fragrance, now descendant: Fragrance
before ancestor: Beauty, now ancestor: Beauty
前回と大カテゴリーが一緒
before ancestor: Beauty, now ancestor: Beauty
中カテゴリーは前回と一緒
before descendant: Fragrance, now descendant: Fragrance
before ancestor: Beauty, now ancestor: Beauty
前回と大カテゴリーが一緒
before ancestor: Beauty, now ancestor: Beauty
中カテゴリーは前回と一緒
before descendant: Fragrance, now descendant: Fragrance
before ancestor: Beauty, now ancestor: Beauty
前回と大カテゴリーが一緒
before ancestor: Beauty, now ancestor: Beauty
中カテゴリーは前回と一緒
before descendant: Fragrance, now descendant: Fragrance
before ancestor: Beauty, now ancestor: Beauty
前回と大カテゴリーが一緒
before ancestor: Beauty, now ancestor: Beauty
中カテゴリーは前回と一緒
before descendant: Fragrance, now descendant: Fragrance
before ancestor: Beauty, now ancestor: Beauty
前回と大カテゴリーが一緒
before ancestor: Beauty, now ancestor: Beauty
前回と中カテゴリーが一緒
before descendant: Fragrance, now descendant: Hair Care
before ancestor: Beauty, now ancestor: Beauty
前回と大カテゴリーが一緒
before ancestor: Beauty, now ancestor: Beauty
中カテゴリーは前回と一緒
before descendant: Hair Care, now descendant: Hair Care
before ancestor: Beauty, now ancestor: Beauty
前回と大カテゴリーが一緒
before ancestor: Beauty, now ancestor: Beauty
中カテゴリーは前回と一緒
before descendant: Hair Care, now descendant: Hair Care
before ancestor: Beauty, now ancestor: Beauty
前回と大カテゴリーが一緒
before ancestor: Beauty, now ancestor: Beauty
中カテゴリーは前回と一緒
before descendant: Hair Care, now descendant: Hair Care
before ancestor: Beauty, now ancestor: Beauty
前回と大カテゴリーが一緒
before ancestor: Beauty, now ancestor: Beauty
中カテゴリーは前回と一緒
before descendant: Hair Care, now descendant: Hair Care
before ancestor: Beauty, now ancestor: Beauty
前回と大カテゴリーが一緒
before ancestor: Beauty, now ancestor: Beauty
中カテゴリーは前回と一緒
before descendant: Hair Care, now descendant: Hair Care
before ancestor: Beauty, now ancestor: Beauty
前回と大カテゴリーが一緒
before ancestor: Beauty, now ancestor: Beauty
中カテゴリーは前回と一緒
before descendant: Hair Care, now descendant: Hair Care
before ancestor: Beauty, now ancestor: Beauty
前回と大カテゴリーが一緒
before ancestor: Beauty, now ancestor: Beauty
中カテゴリーは前回と一緒
before descendant: Hair Care, now descendant: Hair Care
before ancestor: Beauty, now ancestor: Beauty
前回と大カテゴリーが一緒
before ancestor: Beauty, now ancestor: Beauty
中カテゴリーは前回と一緒
before descendant: Hair Care, now descendant: Hair Care
before ancestor: Beauty, now ancestor: Beauty
前回と大カテゴリーが一緒
before ancestor: Beauty, now ancestor: Beauty
中カテゴリーは前回と一緒
before descendant: Hair Care, now descendant: Hair Care
before ancestor: Beauty, now ancestor: Beauty
前回と大カテゴリーが一緒
before ancestor: Beauty, now ancestor: Beauty
中カテゴリーは前回と一緒
before descendant: Hair Care, now descendant: Hair Care
before ancestor: Beauty, now ancestor: Beauty
前回と大カテゴリーが一緒
before ancestor: Beauty, now ancestor: Beauty
中カテゴリーは前回と一緒
before descendant: Hair Care, now descendant: Hair Care
before ancestor: Beauty, now ancestor: Beauty
前回と大カテゴリーが一緒
before ancestor: Beauty, now ancestor: Beauty
前回と中カテゴリーが一緒
before descendant: Hair Care, now descendant: Makeup
before ancestor: Beauty, now ancestor: Beauty
前回と大カテゴリーが一緒
before ancestor: Beauty, now ancestor: Beauty
中カテゴリーは前回と一緒
before descendant: Makeup, now descendant: Makeup
before ancestor: Beauty, now ancestor: Beauty
前回と大カテゴリーが一緒
before ancestor: Beauty, now ancestor: Beauty
中カテゴリーは前回と一緒
before descendant: Makeup, now descendant: Makeup
before ancestor: Beauty, now ancestor: Beauty
前回と大カテゴリーが一緒
before ancestor: Beauty, now ancestor: Beauty
中カテゴリーは前回と一緒
before descendant: Makeup, now descendant: Makeup
before ancestor: Beauty, now ancestor: Beauty
前回と大カテゴリーが一緒
before ancestor: Beauty, now ancestor: Beauty
中カテゴリーは前回と一緒
before descendant: Makeup, now descendant: Makeup
before ancestor: Beauty, now ancestor: Beauty
前回と大カテゴリーが一緒
before ancestor: Beauty, now ancestor: Beauty
中カテゴリーは前回と一緒
before descendant: Makeup, now descendant: Makeup
before ancestor: Beauty, now ancestor: Beauty
前回と大カテゴリーが一緒
before ancestor: Beauty, now ancestor: Beauty
中カテゴリーは前回と一緒
before descendant: Makeup, now descendant: Makeup
before ancestor: Beauty, now ancestor: Beauty
前回と大カテゴリーが一緒
before ancestor: Beauty, now ancestor: Beauty
中カテゴリーは前回と一緒
before descendant: Makeup, now descendant: Makeup
before ancestor: Beauty, now ancestor: Beauty
前回と大カテゴリーが一緒
before ancestor: Beauty, now ancestor: Beauty
中カテゴリーは前回と一緒
before descendant: Makeup, now descendant: Makeup
before ancestor: Beauty, now ancestor: Beauty
前回と大カテゴリーが一緒
before ancestor: Beauty, now ancestor: Beauty
中カテゴリーは前回と一緒
before descendant: Makeup, now descendant: Makeup
before ancestor: Beauty, now ancestor: Beauty
前回と大カテゴリーが一緒
before ancestor: Beauty, now ancestor: Beauty
前回と中カテゴリーが一緒
before descendant: Makeup, now descendant: Other
before ancestor: Beauty, now ancestor: Beauty
前回と大カテゴリーが一緒
before ancestor: Beauty, now ancestor: Beauty
前回と中カテゴリーが一緒
before descendant: Other, now descendant: Skin Care
before ancestor: Beauty, now ancestor: Beauty
前回と大カテゴリーが一緒
before ancestor: Beauty, now ancestor: Beauty
中カテゴリーは前回と一緒
before descendant: Skin Care, now descendant: Skin Care
before ancestor: Beauty, now ancestor: Beauty
前回と大カテゴリーが一緒
before ancestor: Beauty, now ancestor: Beauty
中カテゴリーは前回と一緒
before descendant: Skin Care, now descendant: Skin Care
before ancestor: Beauty, now ancestor: Beauty
前回と大カテゴリーが一緒
before ancestor: Beauty, now ancestor: Beauty
中カテゴリーは前回と一緒
before descendant: Skin Care, now descendant: Skin Care
before ancestor: Beauty, now ancestor: Beauty
前回と大カテゴリーが一緒
before ancestor: Beauty, now ancestor: Beauty
中カテゴリーは前回と一緒
before descendant: Skin Care, now descendant: Skin Care
before ancestor: Beauty, now ancestor: Beauty
前回と大カテゴリーが一緒
before ancestor: Beauty, now ancestor: Beauty
中カテゴリーは前回と一緒
before descendant: Skin Care, now descendant: Skin Care
before ancestor: Beauty, now ancestor: Beauty
前回と大カテゴリーが一緒
before ancestor: Beauty, now ancestor: Beauty
中カテゴリーは前回と一緒
before descendant: Skin Care, now descendant: Skin Care
before ancestor: Beauty, now ancestor: Beauty
前回と大カテゴリーが一緒
before ancestor: Beauty, now ancestor: Beauty
中カテゴリーは前回と一緒
before descendant: Skin Care, now descendant: Skin Care
before ancestor: Beauty, now ancestor: Beauty
前回と大カテゴリーが一緒
before ancestor: Beauty, now ancestor: Beauty
中カテゴリーは前回と一緒
before descendant: Skin Care, now descendant: Skin Care
before ancestor: Beauty, now ancestor: Beauty
前回と大カテゴリーが一緒
before ancestor: Beauty, now ancestor: Beauty
中カテゴリーは前回と一緒
before descendant: Skin Care, now descendant: Skin Care
before ancestor: Beauty, now ancestor: Beauty
前回と大カテゴリーが一緒
before ancestor: Beauty, now ancestor: Beauty
前回と中カテゴリーが一緒
before descendant: Skin Care, now descendant: Tools & Accessories
before ancestor: Beauty, now ancestor: Beauty
前回と大カテゴリーが一緒
before ancestor: Beauty, now ancestor: Beauty
中カテゴリーは前回と一緒
before descendant: Tools & Accessories, now descendant: Tools & Accessories
before ancestor: Beauty, now ancestor: Beauty
前回と大カテゴリーが一緒
before ancestor: Beauty, now ancestor: Beauty
中カテゴリーは前回と一緒
before descendant: Tools & Accessories, now descendant: Tools & Accessories
before ancestor: Beauty, now ancestor: Beauty
前回と大カテゴリーが一緒
before ancestor: Beauty, now ancestor: Beauty
中カテゴリーは前回と一緒
before descendant: Tools & Accessories, now descendant: Tools & Accessories
before ancestor: Beauty, now ancestor: Beauty
前回と大カテゴリーが一緒
before ancestor: Beauty, now ancestor: Beauty
中カテゴリーは前回と一緒
before descendant: Tools & Accessories, now descendant: Tools & Accessories
before ancestor: Beauty, now ancestor: Beauty
前回と大カテゴリーが一緒
before ancestor: Beauty, now ancestor: Beauty
中カテゴリーは前回と一緒
before descendant: Tools & Accessories, now descendant: Tools & Accessories
before ancestor: Beauty, now ancestor: Beauty
前回と大カテゴリーが一緒
before ancestor: Beauty, now ancestor: Beauty
中カテゴリーは前回と一緒
before descendant: Tools & Accessories, now descendant: Tools & Accessories
before ancestor: Beauty, now ancestor: Beauty
前回と大カテゴリーが一緒
before ancestor: Beauty, now ancestor: Beauty
中カテゴリーは前回と一緒
before descendant: Tools & Accessories, now descendant: Tools & Accessories
before ancestor: Beauty, now ancestor: Beauty
前回と大カテゴリーが一緒
before ancestor: Beauty, now ancestor: Beauty
中カテゴリーは前回と一緒
before descendant: Tools & Accessories, now descendant: Tools & Accessories
before ancestor: Beauty, now ancestor: Beauty
前回と大カテゴリーが一緒
before ancestor: Beauty, now ancestor: Beauty
中カテゴリーは前回と一緒
before descendant: Tools & Accessories, now descendant: Tools & Accessories
before ancestor: Beauty, now ancestor: Beauty
前回と大カテゴリーが一緒
before ancestor: Beauty, now ancestor: Beauty
中カテゴリーは前回と一緒
before descendant: Tools & Accessories, now descendant: Tools & Accessories
before ancestor: Beauty, now ancestor: Beauty
前回と大カテゴリーが一緒
before ancestor: Beauty, now ancestor: Beauty
中カテゴリーは前回と一緒
before descendant: Tools & Accessories, now descendant: Tools & Accessories
before ancestor: Beauty, now ancestor: Beauty
前回と大カテゴリーが一緒
before ancestor: Beauty, now ancestor: Beauty
中カテゴリーは前回と一緒
before descendant: Tools & Accessories, now descendant: Tools & Accessories
before ancestor: Beauty, now ancestor: Electronics
新しい大カテゴリーの登場
before ancestor: Beauty, now ancestor: Electronics
新しい中カテゴリーの登場
before descendant: Tools & Accessories, now descendant: Cameras & Photography
before ancestor: Electronics, now ancestor: Electronics
前回と大カテゴリーが一緒
before ancestor: Electronics, now ancestor: Electronics
中カテゴリーは前回と一緒
before descendant: Cameras & Photography, now descendant: Cameras & Photography
before ancestor: Electronics, now ancestor: Electronics
前回と大カテゴリーが一緒
before ancestor: Electronics, now ancestor: Electronics
中カテゴリーは前回と一緒
before descendant: Cameras & Photography, now descendant: Cameras & Photography
before ancestor: Electronics, now ancestor: Electronics
前回と大カテゴリーが一緒
before ancestor: Electronics, now ancestor: Electronics
中カテゴリーは前回と一緒
before descendant: Cameras & Photography, now descendant: Cameras & Photography
before ancestor: Electronics, now ancestor: Electronics
前回と大カテゴリーが一緒
before ancestor: Electronics, now ancestor: Electronics
中カテゴリーは前回と一緒
before descendant: Cameras & Photography, now descendant: Cameras & Photography
before ancestor: Electronics, now ancestor: Electronics
前回と大カテゴリーが一緒
before ancestor: Electronics, now ancestor: Electronics
中カテゴリーは前回と一緒
before descendant: Cameras & Photography, now descendant: Cameras & Photography
before ancestor: Electronics, now ancestor: Electronics
前回と大カテゴリーが一緒
before ancestor: Electronics, now ancestor: Electronics
中カテゴリーは前回と一緒
before descendant: Cameras & Photography, now descendant: Cameras & Photography
before ancestor: Electronics, now ancestor: Electronics
前回と大カテゴリーが一緒
before ancestor: Electronics, now ancestor: Electronics
中カテゴリーは前回と一緒
before descendant: Cameras & Photography, now descendant: Cameras & Photography
before ancestor: Electronics, now ancestor: Electronics
前回と大カテゴリーが一緒
before ancestor: Electronics, now ancestor: Electronics
中カテゴリーは前回と一緒
before descendant: Cameras & Photography, now descendant: Cameras & Photography
before ancestor: Electronics, now ancestor: Electronics
前回と大カテゴリーが一緒
before ancestor: Electronics, now ancestor: Electronics
中カテゴリーは前回と一緒
before descendant: Cameras & Photography, now descendant: Cameras & Photography
before ancestor: Electronics, now ancestor: Electronics
前回と大カテゴリーが一緒
before ancestor: Electronics, now ancestor: Electronics
前回と中カテゴリーが一緒
before descendant: Cameras & Photography, now descendant: Car Audio, Video & GPS
before ancestor: Electronics, now ancestor: Electronics
前回と大カテゴリーが一緒
before ancestor: Electronics, now ancestor: Electronics
中カテゴリーは前回と一緒
before descendant: Car Audio, Video & GPS, now descendant: Car Audio, Video & GPS
before ancestor: Electronics, now ancestor: Electronics
前回と大カテゴリーが一緒
before ancestor: Electronics, now ancestor: Electronics
中カテゴリーは前回と一緒
before descendant: Car Audio, Video & GPS, now descendant: Car Audio, Video & GPS
before ancestor: Electronics, now ancestor: Electronics
前回と大カテゴリーが一緒
before ancestor: Electronics, now ancestor: Electronics
中カテゴリーは前回と一緒
before descendant: Car Audio, Video & GPS, now descendant: Car Audio, Video & GPS
before ancestor: Electronics, now ancestor: Electronics
前回と大カテゴリーが一緒
before ancestor: Electronics, now ancestor: Electronics
中カテゴリーは前回と一緒
before descendant: Car Audio, Video & GPS, now descendant: Car Audio, Video & GPS
before ancestor: Electronics, now ancestor: Electronics
前回と大カテゴリーが一緒
before ancestor: Electronics, now ancestor: Electronics
中カテゴリーは前回と一緒
before descendant: Car Audio, Video & GPS, now descendant: Car Audio, Video & GPS
before ancestor: Electronics, now ancestor: Electronics
前回と大カテゴリーが一緒
before ancestor: Electronics, now ancestor: Electronics
中カテゴリーは前回と一緒
before descendant: Car Audio, Video & GPS, now descendant: Car Audio, Video & GPS
before ancestor: Electronics, now ancestor: Electronics
前回と大カテゴリーが一緒
before ancestor: Electronics, now ancestor: Electronics
中カテゴリーは前回と一緒
before descendant: Car Audio, Video & GPS, now descendant: Car Audio, Video & GPS
before ancestor: Electronics, now ancestor: Electronics
前回と大カテゴリーが一緒
before ancestor: Electronics, now ancestor: Electronics
中カテゴリーは前回と一緒
before descendant: Car Audio, Video & GPS, now descendant: Car Audio, Video & GPS
before ancestor: Electronics, now ancestor: Electronics
前回と大カテゴリーが一緒
before ancestor: Electronics, now ancestor: Electronics
前回と中カテゴリーが一緒
before descendant: Car Audio, Video & GPS, now descendant: Cell Phones & Accessories
before ancestor: Electronics, now ancestor: Electronics
前回と大カテゴリーが一緒
before ancestor: Electronics, now ancestor: Electronics
中カテゴリーは前回と一緒
before descendant: Cell Phones & Accessories, now descendant: Cell Phones & Accessories
before ancestor: Electronics, now ancestor: Electronics
前回と大カテゴリーが一緒
before ancestor: Electronics, now ancestor: Electronics
中カテゴリーは前回と一緒
before descendant: Cell Phones & Accessories, now descendant: Cell Phones & Accessories
before ancestor: Electronics, now ancestor: Electronics
前回と大カテゴリーが一緒
before ancestor: Electronics, now ancestor: Electronics
中カテゴリーは前回と一緒
before descendant: Cell Phones & Accessories, now descendant: Cell Phones & Accessories
before ancestor: Electronics, now ancestor: Electronics
前回と大カテゴリーが一緒
before ancestor: Electronics, now ancestor: Electronics
中カテゴリーは前回と一緒
before descendant: Cell Phones & Accessories, now descendant: Cell Phones & Accessories
before ancestor: Electronics, now ancestor: Electronics
前回と大カテゴリーが一緒
before ancestor: Electronics, now ancestor: Electronics
中カテゴリーは前回と一緒
before descendant: Cell Phones & Accessories, now descendant: Cell Phones & Accessories
before ancestor: Electronics, now ancestor: Electronics
前回と大カテゴリーが一緒
before ancestor: Electronics, now ancestor: Electronics
中カテゴリーは前回と一緒
before descendant: Cell Phones & Accessories, now descendant: Cell Phones & Accessories
before ancestor: Electronics, now ancestor: Electronics
前回と大カテゴリーが一緒
before ancestor: Electronics, now ancestor: Electronics
中カテゴリーは前回と一緒
before descendant: Cell Phones & Accessories, now descendant: Cell Phones & Accessories
before ancestor: Electronics, now ancestor: Electronics
前回と大カテゴリーが一緒
before ancestor: Electronics, now ancestor: Electronics
中カテゴリーは前回と一緒
before descendant: Cell Phones & Accessories, now descendant: Cell Phones & Accessories
before ancestor: Electronics, now ancestor: Electronics
前回と大カテゴリーが一緒
before ancestor: Electronics, now ancestor: Electronics
前回と中カテゴリーが一緒
before descendant: Cell Phones & Accessories, now descendant: Computers & Tablets
before ancestor: Electronics, now ancestor: Electronics
前回と大カテゴリーが一緒
before ancestor: Electronics, now ancestor: Electronics
中カテゴリーは前回と一緒
before descendant: Computers & Tablets, now descendant: Computers & Tablets
before ancestor: Electronics, now ancestor: Electronics
前回と大カテゴリーが一緒
before ancestor: Electronics, now ancestor: Electronics
中カテゴリーは前回と一緒
before descendant: Computers & Tablets, now descendant: Computers & Tablets
before ancestor: Electronics, now ancestor: Electronics
前回と大カテゴリーが一緒
before ancestor: Electronics, now ancestor: Electronics
中カテゴリーは前回と一緒
before descendant: Computers & Tablets, now descendant: Computers & Tablets
before ancestor: Electronics, now ancestor: Electronics
前回と大カテゴリーが一緒
before ancestor: Electronics, now ancestor: Electronics
中カテゴリーは前回と一緒
before descendant: Computers & Tablets, now descendant: Computers & Tablets
before ancestor: Electronics, now ancestor: Electronics
前回と大カテゴリーが一緒
before ancestor: Electronics, now ancestor: Electronics
中カテゴリーは前回と一緒
before descendant: Computers & Tablets, now descendant: Computers & Tablets
before ancestor: Electronics, now ancestor: Electronics
前回と大カテゴリーが一緒
before ancestor: Electronics, now ancestor: Electronics
中カテゴリーは前回と一緒
before descendant: Computers & Tablets, now descendant: Computers & Tablets
before ancestor: Electronics, now ancestor: Electronics
前回と大カテゴリーが一緒
before ancestor: Electronics, now ancestor: Electronics
中カテゴリーは前回と一緒
before descendant: Computers & Tablets, now descendant: Computers & Tablets
before ancestor: Electronics, now ancestor: Electronics
前回と大カテゴリーが一緒
before ancestor: Electronics, now ancestor: Electronics
中カテゴリーは前回と一緒
before descendant: Computers & Tablets, now descendant: Computers & Tablets
before ancestor: Electronics, now ancestor: Electronics
前回と大カテゴリーが一緒
before ancestor: Electronics, now ancestor: Electronics
前回と中カテゴリーが一緒
before descendant: Computers & Tablets, now descendant: Media
before ancestor: Electronics, now ancestor: Electronics
前回と大カテゴリーが一緒
before ancestor: Electronics, now ancestor: Electronics
中カテゴリーは前回と一緒
before descendant: Media, now descendant: Media
before ancestor: Electronics, now ancestor: Electronics
前回と大カテゴリーが一緒
before ancestor: Electronics, now ancestor: Electronics
中カテゴリーは前回と一緒
before descendant: Media, now descendant: Media
before ancestor: Electronics, now ancestor: Electronics
前回と大カテゴリーが一緒
before ancestor: Electronics, now ancestor: Electronics
中カテゴリーは前回と一緒
before descendant: Media, now descendant: Media
before ancestor: Electronics, now ancestor: Electronics
前回と大カテゴリーが一緒
before ancestor: Electronics, now ancestor: Electronics
中カテゴリーは前回と一緒
before descendant: Media, now descendant: Media
before ancestor: Electronics, now ancestor: Electronics
前回と大カテゴリーが一緒
before ancestor: Electronics, now ancestor: Electronics
前回と中カテゴリーが一緒
before descendant: Media, now descendant: Other
before ancestor: Electronics, now ancestor: Electronics
前回と大カテゴリーが一緒
before ancestor: Electronics, now ancestor: Electronics
前回と中カテゴリーが一緒
before descendant: Other, now descendant: TV, Audio & Surveillance
before ancestor: Electronics, now ancestor: Electronics
前回と大カテゴリーが一緒
before ancestor: Electronics, now ancestor: Electronics
中カテゴリーは前回と一緒
before descendant: TV, Audio & Surveillance, now descendant: TV, Audio & Surveillance
before ancestor: Electronics, now ancestor: Electronics
前回と大カテゴリーが一緒
before ancestor: Electronics, now ancestor: Electronics
中カテゴリーは前回と一緒
before descendant: TV, Audio & Surveillance, now descendant: TV, Audio & Surveillance
before ancestor: Electronics, now ancestor: Electronics
前回と大カテゴリーが一緒
before ancestor: Electronics, now ancestor: Electronics
中カテゴリーは前回と一緒
before descendant: TV, Audio & Surveillance, now descendant: TV, Audio & Surveillance
before ancestor: Electronics, now ancestor: Electronics
前回と大カテゴリーが一緒
before ancestor: Electronics, now ancestor: Electronics
中カテゴリーは前回と一緒
before descendant: TV, Audio & Surveillance, now descendant: TV, Audio & Surveillance
before ancestor: Electronics, now ancestor: Electronics
前回と大カテゴリーが一緒
before ancestor: Electronics, now ancestor: Electronics
中カテゴリーは前回と一緒
before descendant: TV, Audio & Surveillance, now descendant: TV, Audio & Surveillance
before ancestor: Electronics, now ancestor: Electronics
前回と大カテゴリーが一緒
before ancestor: Electronics, now ancestor: Electronics
中カテゴリーは前回と一緒
before descendant: TV, Audio & Surveillance, now descendant: TV, Audio & Surveillance
before ancestor: Electronics, now ancestor: Electronics
前回と大カテゴリーが一緒
before ancestor: Electronics, now ancestor: Electronics
中カテゴリーは前回と一緒
before descendant: TV, Audio & Surveillance, now descendant: TV, Audio & Surveillance
before ancestor: Electronics, now ancestor: Electronics
前回と大カテゴリーが一緒
before ancestor: Electronics, now ancestor: Electronics
中カテゴリーは前回と一緒
before descendant: TV, Audio & Surveillance, now descendant: TV, Audio & Surveillance
before ancestor: Electronics, now ancestor: Electronics
前回と大カテゴリーが一緒
before ancestor: Electronics, now ancestor: Electronics
前回と中カテゴリーが一緒
before descendant: TV, Audio & Surveillance, now descendant: Video Games & Consoles
before ancestor: Electronics, now ancestor: Electronics
前回と大カテゴリーが一緒
before ancestor: Electronics, now ancestor: Electronics
中カテゴリーは前回と一緒
before descendant: Video Games & Consoles, now descendant: Video Games & Consoles
before ancestor: Electronics, now ancestor: Electronics
前回と大カテゴリーが一緒
before ancestor: Electronics, now ancestor: Electronics
中カテゴリーは前回と一緒
before descendant: Video Games & Consoles, now descendant: Video Games & Consoles
before ancestor: Electronics, now ancestor: Electronics
前回と大カテゴリーが一緒
before ancestor: Electronics, now ancestor: Electronics
中カテゴリーは前回と一緒
before descendant: Video Games & Consoles, now descendant: Video Games & Consoles
before ancestor: Electronics, now ancestor: Electronics
前回と大カテゴリーが一緒
before ancestor: Electronics, now ancestor: Electronics
中カテゴリーは前回と一緒
before descendant: Video Games & Consoles, now descendant: Video Games & Consoles
before ancestor: Electronics, now ancestor: Electronics
前回と大カテゴリーが一緒
before ancestor: Electronics, now ancestor: Electronics
中カテゴリーは前回と一緒
before descendant: Video Games & Consoles, now descendant: Video Games & Consoles
before ancestor: Electronics, now ancestor: Electronics
前回と大カテゴリーが一緒
before ancestor: Electronics, now ancestor: Electronics
中カテゴリーは前回と一緒
before descendant: Video Games & Consoles, now descendant: Video Games & Consoles
before ancestor: Electronics, now ancestor: Handmade
新しい大カテゴリーの登場
before ancestor: Electronics, now ancestor: Handmade
新しい中カテゴリーの登場
before descendant: Video Games & Consoles, now descendant: Accessories
before ancestor: Handmade, now ancestor: Handmade
前回と大カテゴリーが一緒
before ancestor: Handmade, now ancestor: Handmade
中カテゴリーは前回と一緒
before descendant: Accessories, now descendant: Accessories
before ancestor: Handmade, now ancestor: Handmade
前回と大カテゴリーが一緒
before ancestor: Handmade, now ancestor: Handmade
中カテゴリーは前回と一緒
before descendant: Accessories, now descendant: Accessories
before ancestor: Handmade, now ancestor: Handmade
前回と大カテゴリーが一緒
before ancestor: Handmade, now ancestor: Handmade
中カテゴリーは前回と一緒
before descendant: Accessories, now descendant: Accessories
before ancestor: Handmade, now ancestor: Handmade
前回と大カテゴリーが一緒
before ancestor: Handmade, now ancestor: Handmade
中カテゴリーは前回と一緒
before descendant: Accessories, now descendant: Accessories
before ancestor: Handmade, now ancestor: Handmade
前回と大カテゴリーが一緒
before ancestor: Handmade, now ancestor: Handmade
中カテゴリーは前回と一緒
before descendant: Accessories, now descendant: Accessories
before ancestor: Handmade, now ancestor: Handmade
前回と大カテゴリーが一緒
before ancestor: Handmade, now ancestor: Handmade
中カテゴリーは前回と一緒
before descendant: Accessories, now descendant: Accessories
before ancestor: Handmade, now ancestor: Handmade
前回と大カテゴリーが一緒
before ancestor: Handmade, now ancestor: Handmade
中カテゴリーは前回と一緒
before descendant: Accessories, now descendant: Accessories
before ancestor: Handmade, now ancestor: Handmade
前回と大カテゴリーが一緒
before ancestor: Handmade, now ancestor: Handmade
中カテゴリーは前回と一緒
before descendant: Accessories, now descendant: Accessories
before ancestor: Handmade, now ancestor: Handmade
前回と大カテゴリーが一緒
before ancestor: Handmade, now ancestor: Handmade
中カテゴリーは前回と一緒
before descendant: Accessories, now descendant: Accessories
before ancestor: Handmade, now ancestor: Handmade
前回と大カテゴリーが一緒
before ancestor: Handmade, now ancestor: Handmade
中カテゴリーは前回と一緒
before descendant: Accessories, now descendant: Accessories
before ancestor: Handmade, now ancestor: Handmade
前回と大カテゴリーが一緒
before ancestor: Handmade, now ancestor: Handmade
中カテゴリーは前回と一緒
before descendant: Accessories, now descendant: Accessories
before ancestor: Handmade, now ancestor: Handmade
前回と大カテゴリーが一緒
before ancestor: Handmade, now ancestor: Handmade
中カテゴリーは前回と一緒
before descendant: Accessories, now descendant: Accessories
before ancestor: Handmade, now ancestor: Handmade
前回と大カテゴリーが一緒
before ancestor: Handmade, now ancestor: Handmade
中カテゴリーは前回と一緒
before descendant: Accessories, now descendant: Accessories
before ancestor: Handmade, now ancestor: Handmade
前回と大カテゴリーが一緒
before ancestor: Handmade, now ancestor: Handmade
中カテゴリーは前回と一緒
before descendant: Accessories, now descendant: Accessories
before ancestor: Handmade, now ancestor: Handmade
前回と大カテゴリーが一緒
before ancestor: Handmade, now ancestor: Handmade
中カテゴリーは前回と一緒
before descendant: Accessories, now descendant: Accessories
before ancestor: Handmade, now ancestor: Handmade
前回と大カテゴリーが一緒
before ancestor: Handmade, now ancestor: Handmade
中カテゴリーは前回と一緒
before descendant: Accessories, now descendant: Accessories
before ancestor: Handmade, now ancestor: Handmade
前回と大カテゴリーが一緒
before ancestor: Handmade, now ancestor: Handmade
中カテゴリーは前回と一緒
before descendant: Accessories, now descendant: Accessories
before ancestor: Handmade, now ancestor: Handmade
前回と大カテゴリーが一緒
before ancestor: Handmade, now ancestor: Handmade
中カテゴリーは前回と一緒
before descendant: Accessories, now descendant: Accessories
before ancestor: Handmade, now ancestor: Handmade
前回と大カテゴリーが一緒
before ancestor: Handmade, now ancestor: Handmade
中カテゴリーは前回と一緒
before descendant: Accessories, now descendant: Accessories
before ancestor: Handmade, now ancestor: Handmade
前回と大カテゴリーが一緒
before ancestor: Handmade, now ancestor: Handmade
中カテゴリーは前回と一緒
before descendant: Accessories, now descendant: Accessories
before ancestor: Handmade, now ancestor: Handmade
前回と大カテゴリーが一緒
before ancestor: Handmade, now ancestor: Handmade
中カテゴリーは前回と一緒
before descendant: Accessories, now descendant: Accessories
before ancestor: Handmade, now ancestor: Handmade
前回と大カテゴリーが一緒
before ancestor: Handmade, now ancestor: Handmade
中カテゴリーは前回と一緒
before descendant: Accessories, now descendant: Accessories
before ancestor: Handmade, now ancestor: Handmade
前回と大カテゴリーが一緒
before ancestor: Handmade, now ancestor: Handmade
中カテゴリーは前回と一緒
before descendant: Accessories, now descendant: Accessories
before ancestor: Handmade, now ancestor: Handmade
前回と大カテゴリーが一緒
before ancestor: Handmade, now ancestor: Handmade
前回と中カテゴリーが一緒
before descendant: Accessories, now descendant: Art
before ancestor: Handmade, now ancestor: Handmade
前回と大カテゴリーが一緒
before ancestor: Handmade, now ancestor: Handmade
中カテゴリーは前回と一緒
before descendant: Art, now descendant: Art
before ancestor: Handmade, now ancestor: Handmade
前回と大カテゴリーが一緒
before ancestor: Handmade, now ancestor: Handmade
中カテゴリーは前回と一緒
before descendant: Art, now descendant: Art
before ancestor: Handmade, now ancestor: Handmade
前回と大カテゴリーが一緒
before ancestor: Handmade, now ancestor: Handmade
中カテゴリーは前回と一緒
before descendant: Art, now descendant: Art
before ancestor: Handmade, now ancestor: Handmade
前回と大カテゴリーが一緒
before ancestor: Handmade, now ancestor: Handmade
中カテゴリーは前回と一緒
before descendant: Art, now descendant: Art
before ancestor: Handmade, now ancestor: Handmade
前回と大カテゴリーが一緒
before ancestor: Handmade, now ancestor: Handmade
中カテゴリーは前回と一緒
before descendant: Art, now descendant: Art
before ancestor: Handmade, now ancestor: Handmade
前回と大カテゴリーが一緒
before ancestor: Handmade, now ancestor: Handmade
中カテゴリーは前回と一緒
before descendant: Art, now descendant: Art
before ancestor: Handmade, now ancestor: Handmade
前回と大カテゴリーが一緒
before ancestor: Handmade, now ancestor: Handmade
中カテゴリーは前回と一緒
before descendant: Art, now descendant: Art
before ancestor: Handmade, now ancestor: Handmade
前回と大カテゴリーが一緒
before ancestor: Handmade, now ancestor: Handmade
中カテゴリーは前回と一緒
before descendant: Art, now descendant: Art
before ancestor: Handmade, now ancestor: Handmade
前回と大カテゴリーが一緒
before ancestor: Handmade, now ancestor: Handmade
中カテゴリーは前回と一緒
before descendant: Art, now descendant: Art
before ancestor: Handmade, now ancestor: Handmade
前回と大カテゴリーが一緒
before ancestor: Handmade, now ancestor: Handmade
中カテゴリーは前回と一緒
before descendant: Art, now descendant: Art
before ancestor: Handmade, now ancestor: Handmade
前回と大カテゴリーが一緒
before ancestor: Handmade, now ancestor: Handmade
前回と中カテゴリーが一緒
before descendant: Art, now descendant: Bags and Purses
before ancestor: Handmade, now ancestor: Handmade
前回と大カテゴリーが一緒
before ancestor: Handmade, now ancestor: Handmade
中カテゴリーは前回と一緒
before descendant: Bags and Purses, now descendant: Bags and Purses
before ancestor: Handmade, now ancestor: Handmade
前回と大カテゴリーが一緒
before ancestor: Handmade, now ancestor: Handmade
中カテゴリーは前回と一緒
before descendant: Bags and Purses, now descendant: Bags and Purses
before ancestor: Handmade, now ancestor: Handmade
前回と大カテゴリーが一緒
before ancestor: Handmade, now ancestor: Handmade
中カテゴリーは前回と一緒
before descendant: Bags and Purses, now descendant: Bags and Purses
before ancestor: Handmade, now ancestor: Handmade
前回と大カテゴリーが一緒
before ancestor: Handmade, now ancestor: Handmade
中カテゴリーは前回と一緒
before descendant: Bags and Purses, now descendant: Bags and Purses
before ancestor: Handmade, now ancestor: Handmade
前回と大カテゴリーが一緒
before ancestor: Handmade, now ancestor: Handmade
中カテゴリーは前回と一緒
before descendant: Bags and Purses, now descendant: Bags and Purses
before ancestor: Handmade, now ancestor: Handmade
前回と大カテゴリーが一緒
before ancestor: Handmade, now ancestor: Handmade
中カテゴリーは前回と一緒
before descendant: Bags and Purses, now descendant: Bags and Purses
before ancestor: Handmade, now ancestor: Handmade
前回と大カテゴリーが一緒
before ancestor: Handmade, now ancestor: Handmade
中カテゴリーは前回と一緒
before descendant: Bags and Purses, now descendant: Bags and Purses
before ancestor: Handmade, now ancestor: Handmade
前回と大カテゴリーが一緒
before ancestor: Handmade, now ancestor: Handmade
中カテゴリーは前回と一緒
before descendant: Bags and Purses, now descendant: Bags and Purses
before ancestor: Handmade, now ancestor: Handmade
前回と大カテゴリーが一緒
before ancestor: Handmade, now ancestor: Handmade
中カテゴリーは前回と一緒
before descendant: Bags and Purses, now descendant: Bags and Purses
before ancestor: Handmade, now ancestor: Handmade
前回と大カテゴリーが一緒
before ancestor: Handmade, now ancestor: Handmade
中カテゴリーは前回と一緒
before descendant: Bags and Purses, now descendant: Bags and Purses
before ancestor: Handmade, now ancestor: Handmade
前回と大カテゴリーが一緒
before ancestor: Handmade, now ancestor: Handmade
中カテゴリーは前回と一緒
before descendant: Bags and Purses, now descendant: Bags and Purses
before ancestor: Handmade, now ancestor: Handmade
前回と大カテゴリーが一緒
before ancestor: Handmade, now ancestor: Handmade
前回と中カテゴリーが一緒
before descendant: Bags and Purses, now descendant: Books and Zines
before ancestor: Handmade, now ancestor: Handmade
前回と大カテゴリーが一緒
before ancestor: Handmade, now ancestor: Handmade
中カテゴリーは前回と一緒
before descendant: Books and Zines, now descendant: Books and Zines
before ancestor: Handmade, now ancestor: Handmade
前回と大カテゴリーが一緒
before ancestor: Handmade, now ancestor: Handmade
中カテゴリーは前回と一緒
before descendant: Books and Zines, now descendant: Books and Zines
before ancestor: Handmade, now ancestor: Handmade
前回と大カテゴリーが一緒
before ancestor: Handmade, now ancestor: Handmade
中カテゴリーは前回と一緒
before descendant: Books and Zines, now descendant: Books and Zines
before ancestor: Handmade, now ancestor: Handmade
前回と大カテゴリーが一緒
before ancestor: Handmade, now ancestor: Handmade
中カテゴリーは前回と一緒
before descendant: Books and Zines, now descendant: Books and Zines
before ancestor: Handmade, now ancestor: Handmade
前回と大カテゴリーが一緒
before ancestor: Handmade, now ancestor: Handmade
前回と中カテゴリーが一緒
before descendant: Books and Zines, now descendant: Candles
before ancestor: Handmade, now ancestor: Handmade
前回と大カテゴリーが一緒
before ancestor: Handmade, now ancestor: Handmade
中カテゴリーは前回と一緒
before descendant: Candles, now descendant: Candles
before ancestor: Handmade, now ancestor: Handmade
前回と大カテゴリーが一緒
before ancestor: Handmade, now ancestor: Handmade
中カテゴリーは前回と一緒
before descendant: Candles, now descendant: Candles
before ancestor: Handmade, now ancestor: Handmade
前回と大カテゴリーが一緒
before ancestor: Handmade, now ancestor: Handmade
中カテゴリーは前回と一緒
before descendant: Candles, now descendant: Candles
before ancestor: Handmade, now ancestor: Handmade
前回と大カテゴリーが一緒
before ancestor: Handmade, now ancestor: Handmade
前回と中カテゴリーが一緒
before descendant: Candles, now descendant: Ceramics and Pottery
before ancestor: Handmade, now ancestor: Handmade
前回と大カテゴリーが一緒
before ancestor: Handmade, now ancestor: Handmade
中カテゴリーは前回と一緒
before descendant: Ceramics and Pottery, now descendant: Ceramics and Pottery
before ancestor: Handmade, now ancestor: Handmade
前回と大カテゴリーが一緒
before ancestor: Handmade, now ancestor: Handmade
中カテゴリーは前回と一緒
before descendant: Ceramics and Pottery, now descendant: Ceramics and Pottery
before ancestor: Handmade, now ancestor: Handmade
前回と大カテゴリーが一緒
before ancestor: Handmade, now ancestor: Handmade
中カテゴリーは前回と一緒
before descendant: Ceramics and Pottery, now descendant: Ceramics and Pottery
before ancestor: Handmade, now ancestor: Handmade
前回と大カテゴリーが一緒
before ancestor: Handmade, now ancestor: Handmade
中カテゴリーは前回と一緒
before descendant: Ceramics and Pottery, now descendant: Ceramics and Pottery
before ancestor: Handmade, now ancestor: Handmade
前回と大カテゴリーが一緒
before ancestor: Handmade, now ancestor: Handmade
中カテゴリーは前回と一緒
before descendant: Ceramics and Pottery, now descendant: Ceramics and Pottery
before ancestor: Handmade, now ancestor: Handmade
前回と大カテゴリーが一緒
before ancestor: Handmade, now ancestor: Handmade
中カテゴリーは前回と一緒
before descendant: Ceramics and Pottery, now descendant: Ceramics and Pottery
before ancestor: Handmade, now ancestor: Handmade
前回と大カテゴリーが一緒
before ancestor: Handmade, now ancestor: Handmade
中カテゴリーは前回と一緒
before descendant: Ceramics and Pottery, now descendant: Ceramics and Pottery
before ancestor: Handmade, now ancestor: Handmade
前回と大カテゴリーが一緒
before ancestor: Handmade, now ancestor: Handmade
中カテゴリーは前回と一緒
before descendant: Ceramics and Pottery, now descendant: Ceramics and Pottery
before ancestor: Handmade, now ancestor: Handmade
前回と大カテゴリーが一緒
before ancestor: Handmade, now ancestor: Handmade
中カテゴリーは前回と一緒
before descendant: Ceramics and Pottery, now descendant: Ceramics and Pottery
before ancestor: Handmade, now ancestor: Handmade
前回と大カテゴリーが一緒
before ancestor: Handmade, now ancestor: Handmade
中カテゴリーは前回と一緒
before descendant: Ceramics and Pottery, now descendant: Ceramics and Pottery
before ancestor: Handmade, now ancestor: Handmade
前回と大カテゴリーが一緒
before ancestor: Handmade, now ancestor: Handmade
前回と中カテゴリーが一緒
before descendant: Ceramics and Pottery, now descendant: Children
before ancestor: Handmade, now ancestor: Handmade
前回と大カテゴリーが一緒
before ancestor: Handmade, now ancestor: Handmade
中カテゴリーは前回と一緒
before descendant: Children, now descendant: Children
before ancestor: Handmade, now ancestor: Handmade
前回と大カテゴリーが一緒
before ancestor: Handmade, now ancestor: Handmade
中カテゴリーは前回と一緒
before descendant: Children, now descendant: Children
before ancestor: Handmade, now ancestor: Handmade
前回と大カテゴリーが一緒
before ancestor: Handmade, now ancestor: Handmade
中カテゴリーは前回と一緒
before descendant: Children, now descendant: Children
before ancestor: Handmade, now ancestor: Handmade
前回と大カテゴリーが一緒
before ancestor: Handmade, now ancestor: Handmade
中カテゴリーは前回と一緒
before descendant: Children, now descendant: Children
before ancestor: Handmade, now ancestor: Handmade
前回と大カテゴリーが一緒
before ancestor: Handmade, now ancestor: Handmade
中カテゴリーは前回と一緒
before descendant: Children, now descendant: Children
before ancestor: Handmade, now ancestor: Handmade
前回と大カテゴリーが一緒
before ancestor: Handmade, now ancestor: Handmade
中カテゴリーは前回と一緒
before descendant: Children, now descendant: Children
before ancestor: Handmade, now ancestor: Handmade
前回と大カテゴリーが一緒
before ancestor: Handmade, now ancestor: Handmade
中カテゴリーは前回と一緒
before descendant: Children, now descendant: Children
before ancestor: Handmade, now ancestor: Handmade
前回と大カテゴリーが一緒
before ancestor: Handmade, now ancestor: Handmade
中カテゴリーは前回と一緒
before descendant: Children, now descendant: Children
before ancestor: Handmade, now ancestor: Handmade
前回と大カテゴリーが一緒
before ancestor: Handmade, now ancestor: Handmade
前回と中カテゴリーが一緒
before descendant: Children, now descendant: Clothing
before ancestor: Handmade, now ancestor: Handmade
前回と大カテゴリーが一緒
before ancestor: Handmade, now ancestor: Handmade
中カテゴリーは前回と一緒
before descendant: Clothing, now descendant: Clothing
before ancestor: Handmade, now ancestor: Handmade
前回と大カテゴリーが一緒
before ancestor: Handmade, now ancestor: Handmade
中カテゴリーは前回と一緒
before descendant: Clothing, now descendant: Clothing
before ancestor: Handmade, now ancestor: Handmade
前回と大カテゴリーが一緒
before ancestor: Handmade, now ancestor: Handmade
中カテゴリーは前回と一緒
before descendant: Clothing, now descendant: Clothing
before ancestor: Handmade, now ancestor: Handmade
前回と大カテゴリーが一緒
before ancestor: Handmade, now ancestor: Handmade
中カテゴリーは前回と一緒
before descendant: Clothing, now descendant: Clothing
before ancestor: Handmade, now ancestor: Handmade
前回と大カテゴリーが一緒
before ancestor: Handmade, now ancestor: Handmade
中カテゴリーは前回と一緒
before descendant: Clothing, now descendant: Clothing
before ancestor: Handmade, now ancestor: Handmade
前回と大カテゴリーが一緒
before ancestor: Handmade, now ancestor: Handmade
中カテゴリーは前回と一緒
before descendant: Clothing, now descendant: Clothing
before ancestor: Handmade, now ancestor: Handmade
前回と大カテゴリーが一緒
before ancestor: Handmade, now ancestor: Handmade
中カテゴリーは前回と一緒
before descendant: Clothing, now descendant: Clothing
before ancestor: Handmade, now ancestor: Handmade
前回と大カテゴリーが一緒
before ancestor: Handmade, now ancestor: Handmade
中カテゴリーは前回と一緒
before descendant: Clothing, now descendant: Clothing
before ancestor: Handmade, now ancestor: Handmade
前回と大カテゴリーが一緒
before ancestor: Handmade, now ancestor: Handmade
中カテゴリーは前回と一緒
before descendant: Clothing, now descendant: Clothing
before ancestor: Handmade, now ancestor: Handmade
前回と大カテゴリーが一緒
before ancestor: Handmade, now ancestor: Handmade
前回と中カテゴリーが一緒
before descendant: Clothing, now descendant: Crochet
before ancestor: Handmade, now ancestor: Handmade
前回と大カテゴリーが一緒
before ancestor: Handmade, now ancestor: Handmade
中カテゴリーは前回と一緒
before descendant: Crochet, now descendant: Crochet
before ancestor: Handmade, now ancestor: Handmade
前回と大カテゴリーが一緒
before ancestor: Handmade, now ancestor: Handmade
中カテゴリーは前回と一緒
before descendant: Crochet, now descendant: Crochet
before ancestor: Handmade, now ancestor: Handmade
前回と大カテゴリーが一緒
before ancestor: Handmade, now ancestor: Handmade
中カテゴリーは前回と一緒
before descendant: Crochet, now descendant: Crochet
before ancestor: Handmade, now ancestor: Handmade
前回と大カテゴリーが一緒
before ancestor: Handmade, now ancestor: Handmade
中カテゴリーは前回と一緒
before descendant: Crochet, now descendant: Crochet
before ancestor: Handmade, now ancestor: Handmade
前回と大カテゴリーが一緒
before ancestor: Handmade, now ancestor: Handmade
中カテゴリーは前回と一緒
before descendant: Crochet, now descendant: Crochet
before ancestor: Handmade, now ancestor: Handmade
前回と大カテゴリーが一緒
before ancestor: Handmade, now ancestor: Handmade
中カテゴリーは前回と一緒
before descendant: Crochet, now descendant: Crochet
before ancestor: Handmade, now ancestor: Handmade
前回と大カテゴリーが一緒
before ancestor: Handmade, now ancestor: Handmade
中カテゴリーは前回と一緒
before descendant: Crochet, now descendant: Crochet
before ancestor: Handmade, now ancestor: Handmade
前回と大カテゴリーが一緒
before ancestor: Handmade, now ancestor: Handmade
中カテゴリーは前回と一緒
before descendant: Crochet, now descendant: Crochet
before ancestor: Handmade, now ancestor: Handmade
前回と大カテゴリーが一緒
before ancestor: Handmade, now ancestor: Handmade
中カテゴリーは前回と一緒
before descendant: Crochet, now descendant: Crochet
before ancestor: Handmade, now ancestor: Handmade
前回と大カテゴリーが一緒
before ancestor: Handmade, now ancestor: Handmade
前回と中カテゴリーが一緒
before descendant: Crochet, now descendant: Dolls and Miniatures
before ancestor: Handmade, now ancestor: Handmade
前回と大カテゴリーが一緒
before ancestor: Handmade, now ancestor: Handmade
中カテゴリーは前回と一緒
before descendant: Dolls and Miniatures, now descendant: Dolls and Miniatures
before ancestor: Handmade, now ancestor: Handmade
前回と大カテゴリーが一緒
before ancestor: Handmade, now ancestor: Handmade
中カテゴリーは前回と一緒
before descendant: Dolls and Miniatures, now descendant: Dolls and Miniatures
before ancestor: Handmade, now ancestor: Handmade
前回と大カテゴリーが一緒
before ancestor: Handmade, now ancestor: Handmade
中カテゴリーは前回と一緒
before descendant: Dolls and Miniatures, now descendant: Dolls and Miniatures
before ancestor: Handmade, now ancestor: Handmade
前回と大カテゴリーが一緒
before ancestor: Handmade, now ancestor: Handmade
中カテゴリーは前回と一緒
before descendant: Dolls and Miniatures, now descendant: Dolls and Miniatures
before ancestor: Handmade, now ancestor: Handmade
前回と大カテゴリーが一緒
before ancestor: Handmade, now ancestor: Handmade
中カテゴリーは前回と一緒
before descendant: Dolls and Miniatures, now descendant: Dolls and Miniatures
before ancestor: Handmade, now ancestor: Handmade
前回と大カテゴリーが一緒
before ancestor: Handmade, now ancestor: Handmade
中カテゴリーは前回と一緒
before descendant: Dolls and Miniatures, now descendant: Dolls and Miniatures
before ancestor: Handmade, now ancestor: Handmade
前回と大カテゴリーが一緒
before ancestor: Handmade, now ancestor: Handmade
中カテゴリーは前回と一緒
before descendant: Dolls and Miniatures, now descendant: Dolls and Miniatures
before ancestor: Handmade, now ancestor: Handmade
前回と大カテゴリーが一緒
before ancestor: Handmade, now ancestor: Handmade
中カテゴリーは前回と一緒
before descendant: Dolls and Miniatures, now descendant: Dolls and Miniatures
before ancestor: Handmade, now ancestor: Handmade
前回と大カテゴリーが一緒
before ancestor: Handmade, now ancestor: Handmade
中カテゴリーは前回と一緒
before descendant: Dolls and Miniatures, now descendant: Dolls and Miniatures
before ancestor: Handmade, now ancestor: Handmade
前回と大カテゴリーが一緒
before ancestor: Handmade, now ancestor: Handmade
中カテゴリーは前回と一緒
before descendant: Dolls and Miniatures, now descendant: Dolls and Miniatures
before ancestor: Handmade, now ancestor: Handmade
前回と大カテゴリーが一緒
before ancestor: Handmade, now ancestor: Handmade
中カテゴリーは前回と一緒
before descendant: Dolls and Miniatures, now descendant: Dolls and Miniatures
before ancestor: Handmade, now ancestor: Handmade
前回と大カテゴリーが一緒
before ancestor: Handmade, now ancestor: Handmade
中カテゴリーは前回と一緒
before descendant: Dolls and Miniatures, now descendant: Dolls and Miniatures
before ancestor: Handmade, now ancestor: Handmade
前回と大カテゴリーが一緒
before ancestor: Handmade, now ancestor: Handmade
中カテゴリーは前回と一緒
before descendant: Dolls and Miniatures, now descendant: Dolls and Miniatures
before ancestor: Handmade, now ancestor: Handmade
前回と大カテゴリーが一緒
before ancestor: Handmade, now ancestor: Handmade
前回と中カテゴリーが一緒
before descendant: Dolls and Miniatures, now descendant: Furniture
before ancestor: Handmade, now ancestor: Handmade
前回と大カテゴリーが一緒
before ancestor: Handmade, now ancestor: Handmade
中カテゴリーは前回と一緒
before descendant: Furniture, now descendant: Furniture
before ancestor: Handmade, now ancestor: Handmade
前回と大カテゴリーが一緒
before ancestor: Handmade, now ancestor: Handmade
中カテゴリーは前回と一緒
before descendant: Furniture, now descendant: Furniture
before ancestor: Handmade, now ancestor: Handmade
前回と大カテゴリーが一緒
before ancestor: Handmade, now ancestor: Handmade
前回と中カテゴリーが一緒
before descendant: Furniture, now descendant: Geekery
before ancestor: Handmade, now ancestor: Handmade
前回と大カテゴリーが一緒
before ancestor: Handmade, now ancestor: Handmade
中カテゴリーは前回と一緒
before descendant: Geekery, now descendant: Geekery
before ancestor: Handmade, now ancestor: Handmade
前回と大カテゴリーが一緒
before ancestor: Handmade, now ancestor: Handmade
中カテゴリーは前回と一緒
before descendant: Geekery, now descendant: Geekery
before ancestor: Handmade, now ancestor: Handmade
前回と大カテゴリーが一緒
before ancestor: Handmade, now ancestor: Handmade
中カテゴリーは前回と一緒
before descendant: Geekery, now descendant: Geekery
before ancestor: Handmade, now ancestor: Handmade
前回と大カテゴリーが一緒
before ancestor: Handmade, now ancestor: Handmade
中カテゴリーは前回と一緒
before descendant: Geekery, now descendant: Geekery
before ancestor: Handmade, now ancestor: Handmade
前回と大カテゴリーが一緒
before ancestor: Handmade, now ancestor: Handmade
中カテゴリーは前回と一緒
before descendant: Geekery, now descendant: Geekery
before ancestor: Handmade, now ancestor: Handmade
前回と大カテゴリーが一緒
before ancestor: Handmade, now ancestor: Handmade
中カテゴリーは前回と一緒
before descendant: Geekery, now descendant: Geekery
before ancestor: Handmade, now ancestor: Handmade
前回と大カテゴリーが一緒
before ancestor: Handmade, now ancestor: Handmade
中カテゴリーは前回と一緒
before descendant: Geekery, now descendant: Geekery
before ancestor: Handmade, now ancestor: Handmade
前回と大カテゴリーが一緒
before ancestor: Handmade, now ancestor: Handmade
中カテゴリーは前回と一緒
before descendant: Geekery, now descendant: Geekery
before ancestor: Handmade, now ancestor: Handmade
前回と大カテゴリーが一緒
before ancestor: Handmade, now ancestor: Handmade
中カテゴリーは前回と一緒
before descendant: Geekery, now descendant: Geekery
before ancestor: Handmade, now ancestor: Handmade
前回と大カテゴリーが一緒
before ancestor: Handmade, now ancestor: Handmade
中カテゴリーは前回と一緒
before descendant: Geekery, now descendant: Geekery
before ancestor: Handmade, now ancestor: Handmade
前回と大カテゴリーが一緒
before ancestor: Handmade, now ancestor: Handmade
中カテゴリーは前回と一緒
before descendant: Geekery, now descendant: Geekery
before ancestor: Handmade, now ancestor: Handmade
前回と大カテゴリーが一緒
before ancestor: Handmade, now ancestor: Handmade
前回と中カテゴリーが一緒
before descendant: Geekery, now descendant: Glass
before ancestor: Handmade, now ancestor: Handmade
前回と大カテゴリーが一緒
before ancestor: Handmade, now ancestor: Handmade
中カテゴリーは前回と一緒
before descendant: Glass, now descendant: Glass
before ancestor: Handmade, now ancestor: Handmade
前回と大カテゴリーが一緒
before ancestor: Handmade, now ancestor: Handmade
中カテゴリーは前回と一緒
before descendant: Glass, now descendant: Glass
before ancestor: Handmade, now ancestor: Handmade
前回と大カテゴリーが一緒
before ancestor: Handmade, now ancestor: Handmade
中カテゴリーは前回と一緒
before descendant: Glass, now descendant: Glass
before ancestor: Handmade, now ancestor: Handmade
前回と大カテゴリーが一緒
before ancestor: Handmade, now ancestor: Handmade
中カテゴリーは前回と一緒
before descendant: Glass, now descendant: Glass
before ancestor: Handmade, now ancestor: Handmade
前回と大カテゴリーが一緒
before ancestor: Handmade, now ancestor: Handmade
中カテゴリーは前回と一緒
before descendant: Glass, now descendant: Glass
before ancestor: Handmade, now ancestor: Handmade
前回と大カテゴリーが一緒
before ancestor: Handmade, now ancestor: Handmade
中カテゴリーは前回と一緒
before descendant: Glass, now descendant: Glass
before ancestor: Handmade, now ancestor: Handmade
前回と大カテゴリーが一緒
before ancestor: Handmade, now ancestor: Handmade
中カテゴリーは前回と一緒
before descendant: Glass, now descendant: Glass
before ancestor: Handmade, now ancestor: Handmade
前回と大カテゴリーが一緒
before ancestor: Handmade, now ancestor: Handmade
中カテゴリーは前回と一緒
before descendant: Glass, now descendant: Glass
before ancestor: Handmade, now ancestor: Handmade
前回と大カテゴリーが一緒
before ancestor: Handmade, now ancestor: Handmade
中カテゴリーは前回と一緒
before descendant: Glass, now descendant: Glass
before ancestor: Handmade, now ancestor: Handmade
前回と大カテゴリーが一緒
before ancestor: Handmade, now ancestor: Handmade
中カテゴリーは前回と一緒
before descendant: Glass, now descendant: Glass
before ancestor: Handmade, now ancestor: Handmade
前回と大カテゴリーが一緒
before ancestor: Handmade, now ancestor: Handmade
中カテゴリーは前回と一緒
before descendant: Glass, now descendant: Glass
before ancestor: Handmade, now ancestor: Handmade
前回と大カテゴリーが一緒
before ancestor: Handmade, now ancestor: Handmade
中カテゴリーは前回と一緒
before descendant: Glass, now descendant: Glass
before ancestor: Handmade, now ancestor: Handmade
前回と大カテゴリーが一緒
before ancestor: Handmade, now ancestor: Handmade
中カテゴリーは前回と一緒
before descendant: Glass, now descendant: Glass
before ancestor: Handmade, now ancestor: Handmade
前回と大カテゴリーが一緒
before ancestor: Handmade, now ancestor: Handmade
中カテゴリーは前回と一緒
before descendant: Glass, now descendant: Glass
before ancestor: Handmade, now ancestor: Handmade
前回と大カテゴリーが一緒
before ancestor: Handmade, now ancestor: Handmade
前回と中カテゴリーが一緒
before descendant: Glass, now descendant: Holidays
before ancestor: Handmade, now ancestor: Handmade
前回と大カテゴリーが一緒
before ancestor: Handmade, now ancestor: Handmade
中カテゴリーは前回と一緒
before descendant: Holidays, now descendant: Holidays
before ancestor: Handmade, now ancestor: Handmade
前回と大カテゴリーが一緒
before ancestor: Handmade, now ancestor: Handmade
中カテゴリーは前回と一緒
before descendant: Holidays, now descendant: Holidays
before ancestor: Handmade, now ancestor: Handmade
前回と大カテゴリーが一緒
before ancestor: Handmade, now ancestor: Handmade
中カテゴリーは前回と一緒
before descendant: Holidays, now descendant: Holidays
before ancestor: Handmade, now ancestor: Handmade
前回と大カテゴリーが一緒
before ancestor: Handmade, now ancestor: Handmade
中カテゴリーは前回と一緒
before descendant: Holidays, now descendant: Holidays
before ancestor: Handmade, now ancestor: Handmade
前回と大カテゴリーが一緒
before ancestor: Handmade, now ancestor: Handmade
中カテゴリーは前回と一緒
before descendant: Holidays, now descendant: Holidays
before ancestor: Handmade, now ancestor: Handmade
前回と大カテゴリーが一緒
before ancestor: Handmade, now ancestor: Handmade
中カテゴリーは前回と一緒
before descendant: Holidays, now descendant: Holidays
before ancestor: Handmade, now ancestor: Handmade
前回と大カテゴリーが一緒
before ancestor: Handmade, now ancestor: Handmade
中カテゴリーは前回と一緒
before descendant: Holidays, now descendant: Holidays
before ancestor: Handmade, now ancestor: Handmade
前回と大カテゴリーが一緒
before ancestor: Handmade, now ancestor: Handmade
中カテゴリーは前回と一緒
before descendant: Holidays, now descendant: Holidays
before ancestor: Handmade, now ancestor: Handmade
前回と大カテゴリーが一緒
before ancestor: Handmade, now ancestor: Handmade
中カテゴリーは前回と一緒
before descendant: Holidays, now descendant: Holidays
before ancestor: Handmade, now ancestor: Handmade
前回と大カテゴリーが一緒
before ancestor: Handmade, now ancestor: Handmade
前回と中カテゴリーが一緒
before descendant: Holidays, now descendant: Housewares
before ancestor: Handmade, now ancestor: Handmade
前回と大カテゴリーが一緒
before ancestor: Handmade, now ancestor: Handmade
中カテゴリーは前回と一緒
before descendant: Housewares, now descendant: Housewares
before ancestor: Handmade, now ancestor: Handmade
前回と大カテゴリーが一緒
before ancestor: Handmade, now ancestor: Handmade
中カテゴリーは前回と一緒
before descendant: Housewares, now descendant: Housewares
before ancestor: Handmade, now ancestor: Handmade
前回と大カテゴリーが一緒
before ancestor: Handmade, now ancestor: Handmade
中カテゴリーは前回と一緒
before descendant: Housewares, now descendant: Housewares
before ancestor: Handmade, now ancestor: Handmade
前回と大カテゴリーが一緒
before ancestor: Handmade, now ancestor: Handmade
中カテゴリーは前回と一緒
before descendant: Housewares, now descendant: Housewares
before ancestor: Handmade, now ancestor: Handmade
前回と大カテゴリーが一緒
before ancestor: Handmade, now ancestor: Handmade
中カテゴリーは前回と一緒
before descendant: Housewares, now descendant: Housewares
before ancestor: Handmade, now ancestor: Handmade
前回と大カテゴリーが一緒
before ancestor: Handmade, now ancestor: Handmade
中カテゴリーは前回と一緒
before descendant: Housewares, now descendant: Housewares
before ancestor: Handmade, now ancestor: Handmade
前回と大カテゴリーが一緒
before ancestor: Handmade, now ancestor: Handmade
中カテゴリーは前回と一緒
before descendant: Housewares, now descendant: Housewares
before ancestor: Handmade, now ancestor: Handmade
前回と大カテゴリーが一緒
before ancestor: Handmade, now ancestor: Handmade
中カテゴリーは前回と一緒
before descendant: Housewares, now descendant: Housewares
before ancestor: Handmade, now ancestor: Handmade
前回と大カテゴリーが一緒
before ancestor: Handmade, now ancestor: Handmade
中カテゴリーは前回と一緒
before descendant: Housewares, now descendant: Housewares
before ancestor: Handmade, now ancestor: Handmade
前回と大カテゴリーが一緒
before ancestor: Handmade, now ancestor: Handmade
中カテゴリーは前回と一緒
before descendant: Housewares, now descendant: Housewares
before ancestor: Handmade, now ancestor: Handmade
前回と大カテゴリーが一緒
before ancestor: Handmade, now ancestor: Handmade
中カテゴリーは前回と一緒
before descendant: Housewares, now descendant: Housewares
before ancestor: Handmade, now ancestor: Handmade
前回と大カテゴリーが一緒
before ancestor: Handmade, now ancestor: Handmade
前回と中カテゴリーが一緒
before descendant: Housewares, now descendant: Jewelry
before ancestor: Handmade, now ancestor: Handmade
前回と大カテゴリーが一緒
before ancestor: Handmade, now ancestor: Handmade
中カテゴリーは前回と一緒
before descendant: Jewelry, now descendant: Jewelry
before ancestor: Handmade, now ancestor: Handmade
前回と大カテゴリーが一緒
before ancestor: Handmade, now ancestor: Handmade
中カテゴリーは前回と一緒
before descendant: Jewelry, now descendant: Jewelry
before ancestor: Handmade, now ancestor: Handmade
前回と大カテゴリーが一緒
before ancestor: Handmade, now ancestor: Handmade
中カテゴリーは前回と一緒
before descendant: Jewelry, now descendant: Jewelry
before ancestor: Handmade, now ancestor: Handmade
前回と大カテゴリーが一緒
before ancestor: Handmade, now ancestor: Handmade
中カテゴリーは前回と一緒
before descendant: Jewelry, now descendant: Jewelry
before ancestor: Handmade, now ancestor: Handmade
前回と大カテゴリーが一緒
before ancestor: Handmade, now ancestor: Handmade
前回と中カテゴリーが一緒
before descendant: Jewelry, now descendant: Knitting
before ancestor: Handmade, now ancestor: Handmade
前回と大カテゴリーが一緒
before ancestor: Handmade, now ancestor: Handmade
中カテゴリーは前回と一緒
before descendant: Knitting, now descendant: Knitting
before ancestor: Handmade, now ancestor: Handmade
前回と大カテゴリーが一緒
before ancestor: Handmade, now ancestor: Handmade
中カテゴリーは前回と一緒
before descendant: Knitting, now descendant: Knitting
before ancestor: Handmade, now ancestor: Handmade
前回と大カテゴリーが一緒
before ancestor: Handmade, now ancestor: Handmade
中カテゴリーは前回と一緒
before descendant: Knitting, now descendant: Knitting
before ancestor: Handmade, now ancestor: Handmade
前回と大カテゴリーが一緒
before ancestor: Handmade, now ancestor: Handmade
中カテゴリーは前回と一緒
before descendant: Knitting, now descendant: Knitting
before ancestor: Handmade, now ancestor: Handmade
前回と大カテゴリーが一緒
before ancestor: Handmade, now ancestor: Handmade
中カテゴリーは前回と一緒
before descendant: Knitting, now descendant: Knitting
before ancestor: Handmade, now ancestor: Handmade
前回と大カテゴリーが一緒
before ancestor: Handmade, now ancestor: Handmade
中カテゴリーは前回と一緒
before descendant: Knitting, now descendant: Knitting
before ancestor: Handmade, now ancestor: Handmade
前回と大カテゴリーが一緒
before ancestor: Handmade, now ancestor: Handmade
中カテゴリーは前回と一緒
before descendant: Knitting, now descendant: Knitting
before ancestor: Handmade, now ancestor: Handmade
前回と大カテゴリーが一緒
before ancestor: Handmade, now ancestor: Handmade
中カテゴリーは前回と一緒
before descendant: Knitting, now descendant: Knitting
before ancestor: Handmade, now ancestor: Handmade
前回と大カテゴリーが一緒
before ancestor: Handmade, now ancestor: Handmade
中カテゴリーは前回と一緒
before descendant: Knitting, now descendant: Knitting
before ancestor: Handmade, now ancestor: Handmade
前回と大カテゴリーが一緒
before ancestor: Handmade, now ancestor: Handmade
前回と中カテゴリーが一緒
before descendant: Knitting, now descendant: Music
before ancestor: Handmade, now ancestor: Handmade
前回と大カテゴリーが一緒
before ancestor: Handmade, now ancestor: Handmade
中カテゴリーは前回と一緒
before descendant: Music, now descendant: Music
before ancestor: Handmade, now ancestor: Handmade
前回と大カテゴリーが一緒
before ancestor: Handmade, now ancestor: Handmade
中カテゴリーは前回と一緒
before descendant: Music, now descendant: Music
before ancestor: Handmade, now ancestor: Handmade
前回と大カテゴリーが一緒
before ancestor: Handmade, now ancestor: Handmade
中カテゴリーは前回と一緒
before descendant: Music, now descendant: Music
before ancestor: Handmade, now ancestor: Handmade
前回と大カテゴリーが一緒
before ancestor: Handmade, now ancestor: Handmade
中カテゴリーは前回と一緒
before descendant: Music, now descendant: Music
before ancestor: Handmade, now ancestor: Handmade
前回と大カテゴリーが一緒
before ancestor: Handmade, now ancestor: Handmade
中カテゴリーは前回と一緒
before descendant: Music, now descendant: Music
before ancestor: Handmade, now ancestor: Handmade
前回と大カテゴリーが一緒
before ancestor: Handmade, now ancestor: Handmade
前回と中カテゴリーが一緒
before descendant: Music, now descendant: Needlecraft
before ancestor: Handmade, now ancestor: Handmade
前回と大カテゴリーが一緒
before ancestor: Handmade, now ancestor: Handmade
中カテゴリーは前回と一緒
before descendant: Needlecraft, now descendant: Needlecraft
before ancestor: Handmade, now ancestor: Handmade
前回と大カテゴリーが一緒
before ancestor: Handmade, now ancestor: Handmade
中カテゴリーは前回と一緒
before descendant: Needlecraft, now descendant: Needlecraft
before ancestor: Handmade, now ancestor: Handmade
前回と大カテゴリーが一緒
before ancestor: Handmade, now ancestor: Handmade
中カテゴリーは前回と一緒
before descendant: Needlecraft, now descendant: Needlecraft
before ancestor: Handmade, now ancestor: Handmade
前回と大カテゴリーが一緒
before ancestor: Handmade, now ancestor: Handmade
中カテゴリーは前回と一緒
before descendant: Needlecraft, now descendant: Needlecraft
before ancestor: Handmade, now ancestor: Handmade
前回と大カテゴリーが一緒
before ancestor: Handmade, now ancestor: Handmade
中カテゴリーは前回と一緒
before descendant: Needlecraft, now descendant: Needlecraft
before ancestor: Handmade, now ancestor: Handmade
前回と大カテゴリーが一緒
before ancestor: Handmade, now ancestor: Handmade
中カテゴリーは前回と一緒
before descendant: Needlecraft, now descendant: Needlecraft
before ancestor: Handmade, now ancestor: Handmade
前回と大カテゴリーが一緒
before ancestor: Handmade, now ancestor: Handmade
中カテゴリーは前回と一緒
before descendant: Needlecraft, now descendant: Needlecraft
before ancestor: Handmade, now ancestor: Handmade
前回と大カテゴリーが一緒
before ancestor: Handmade, now ancestor: Handmade
中カテゴリーは前回と一緒
before descendant: Needlecraft, now descendant: Needlecraft
before ancestor: Handmade, now ancestor: Handmade
前回と大カテゴリーが一緒
before ancestor: Handmade, now ancestor: Handmade
中カテゴリーは前回と一緒
before descendant: Needlecraft, now descendant: Needlecraft
before ancestor: Handmade, now ancestor: Handmade
前回と大カテゴリーが一緒
before ancestor: Handmade, now ancestor: Handmade
中カテゴリーは前回と一緒
before descendant: Needlecraft, now descendant: Needlecraft
before ancestor: Handmade, now ancestor: Handmade
前回と大カテゴリーが一緒
before ancestor: Handmade, now ancestor: Handmade
前回と中カテゴリーが一緒
before descendant: Needlecraft, now descendant: Other
before ancestor: Handmade, now ancestor: Handmade
前回と大カテゴリーが一緒
before ancestor: Handmade, now ancestor: Handmade
前回と中カテゴリーが一緒
before descendant: Other, now descendant: Others
before ancestor: Handmade, now ancestor: Handmade
前回と大カテゴリーが一緒
before ancestor: Handmade, now ancestor: Handmade
中カテゴリーは前回と一緒
before descendant: Others, now descendant: Others
before ancestor: Handmade, now ancestor: Handmade
前回と大カテゴリーが一緒
before ancestor: Handmade, now ancestor: Handmade
中カテゴリーは前回と一緒
before descendant: Others, now descendant: Others
before ancestor: Handmade, now ancestor: Handmade
前回と大カテゴリーが一緒
before ancestor: Handmade, now ancestor: Handmade
中カテゴリーは前回と一緒
before descendant: Others, now descendant: Others
before ancestor: Handmade, now ancestor: Handmade
前回と大カテゴリーが一緒
before ancestor: Handmade, now ancestor: Handmade
中カテゴリーは前回と一緒
before descendant: Others, now descendant: Others
before ancestor: Handmade, now ancestor: Handmade
前回と大カテゴリーが一緒
before ancestor: Handmade, now ancestor: Handmade
中カテゴリーは前回と一緒
before descendant: Others, now descendant: Others
before ancestor: Handmade, now ancestor: Handmade
前回と大カテゴリーが一緒
before ancestor: Handmade, now ancestor: Handmade
中カテゴリーは前回と一緒
before descendant: Others, now descendant: Others
before ancestor: Handmade, now ancestor: Handmade
前回と大カテゴリーが一緒
before ancestor: Handmade, now ancestor: Handmade
前回と中カテゴリーが一緒
before descendant: Others, now descendant: Paper Goods
before ancestor: Handmade, now ancestor: Handmade
前回と大カテゴリーが一緒
before ancestor: Handmade, now ancestor: Handmade
中カテゴリーは前回と一緒
before descendant: Paper Goods, now descendant: Paper Goods
before ancestor: Handmade, now ancestor: Handmade
前回と大カテゴリーが一緒
before ancestor: Handmade, now ancestor: Handmade
中カテゴリーは前回と一緒
before descendant: Paper Goods, now descendant: Paper Goods
before ancestor: Handmade, now ancestor: Handmade
前回と大カテゴリーが一緒
before ancestor: Handmade, now ancestor: Handmade
中カテゴリーは前回と一緒
before descendant: Paper Goods, now descendant: Paper Goods
before ancestor: Handmade, now ancestor: Handmade
前回と大カテゴリーが一緒
before ancestor: Handmade, now ancestor: Handmade
中カテゴリーは前回と一緒
before descendant: Paper Goods, now descendant: Paper Goods
before ancestor: Handmade, now ancestor: Handmade
前回と大カテゴリーが一緒
before ancestor: Handmade, now ancestor: Handmade
中カテゴリーは前回と一緒
before descendant: Paper Goods, now descendant: Paper Goods
before ancestor: Handmade, now ancestor: Handmade
前回と大カテゴリーが一緒
before ancestor: Handmade, now ancestor: Handmade
中カテゴリーは前回と一緒
before descendant: Paper Goods, now descendant: Paper Goods
before ancestor: Handmade, now ancestor: Handmade
前回と大カテゴリーが一緒
before ancestor: Handmade, now ancestor: Handmade
中カテゴリーは前回と一緒
before descendant: Paper Goods, now descendant: Paper Goods
before ancestor: Handmade, now ancestor: Handmade
前回と大カテゴリーが一緒
before ancestor: Handmade, now ancestor: Handmade
中カテゴリーは前回と一緒
before descendant: Paper Goods, now descendant: Paper Goods
before ancestor: Handmade, now ancestor: Handmade
前回と大カテゴリーが一緒
before ancestor: Handmade, now ancestor: Handmade
中カテゴリーは前回と一緒
before descendant: Paper Goods, now descendant: Paper Goods
before ancestor: Handmade, now ancestor: Handmade
前回と大カテゴリーが一緒
before ancestor: Handmade, now ancestor: Handmade
中カテゴリーは前回と一緒
before descendant: Paper Goods, now descendant: Paper Goods
before ancestor: Handmade, now ancestor: Handmade
前回と大カテゴリーが一緒
before ancestor: Handmade, now ancestor: Handmade
中カテゴリーは前回と一緒
before descendant: Paper Goods, now descendant: Paper Goods
before ancestor: Handmade, now ancestor: Handmade
前回と大カテゴリーが一緒
before ancestor: Handmade, now ancestor: Handmade
中カテゴリーは前回と一緒
before descendant: Paper Goods, now descendant: Paper Goods
before ancestor: Handmade, now ancestor: Handmade
前回と大カテゴリーが一緒
before ancestor: Handmade, now ancestor: Handmade
中カテゴリーは前回と一緒
before descendant: Paper Goods, now descendant: Paper Goods
before ancestor: Handmade, now ancestor: Handmade
前回と大カテゴリーが一緒
before ancestor: Handmade, now ancestor: Handmade
前回と中カテゴリーが一緒
before descendant: Paper Goods, now descendant: Patterns
before ancestor: Handmade, now ancestor: Handmade
前回と大カテゴリーが一緒
before ancestor: Handmade, now ancestor: Handmade
中カテゴリーは前回と一緒
before descendant: Patterns, now descendant: Patterns
before ancestor: Handmade, now ancestor: Handmade
前回と大カテゴリーが一緒
before ancestor: Handmade, now ancestor: Handmade
中カテゴリーは前回と一緒
before descendant: Patterns, now descendant: Patterns
before ancestor: Handmade, now ancestor: Handmade
前回と大カテゴリーが一緒
before ancestor: Handmade, now ancestor: Handmade
中カテゴリーは前回と一緒
before descendant: Patterns, now descendant: Patterns
before ancestor: Handmade, now ancestor: Handmade
前回と大カテゴリーが一緒
before ancestor: Handmade, now ancestor: Handmade
中カテゴリーは前回と一緒
before descendant: Patterns, now descendant: Patterns
before ancestor: Handmade, now ancestor: Handmade
前回と大カテゴリーが一緒
before ancestor: Handmade, now ancestor: Handmade
中カテゴリーは前回と一緒
before descendant: Patterns, now descendant: Patterns
before ancestor: Handmade, now ancestor: Handmade
前回と大カテゴリーが一緒
before ancestor: Handmade, now ancestor: Handmade
中カテゴリーは前回と一緒
before descendant: Patterns, now descendant: Patterns
before ancestor: Handmade, now ancestor: Handmade
前回と大カテゴリーが一緒
before ancestor: Handmade, now ancestor: Handmade
中カテゴリーは前回と一緒
before descendant: Patterns, now descendant: Patterns
before ancestor: Handmade, now ancestor: Handmade
前回と大カテゴリーが一緒
before ancestor: Handmade, now ancestor: Handmade
中カテゴリーは前回と一緒
before descendant: Patterns, now descendant: Patterns
before ancestor: Handmade, now ancestor: Handmade
前回と大カテゴリーが一緒
before ancestor: Handmade, now ancestor: Handmade
中カテゴリーは前回と一緒
before descendant: Patterns, now descendant: Patterns
before ancestor: Handmade, now ancestor: Handmade
前回と大カテゴリーが一緒
before ancestor: Handmade, now ancestor: Handmade
中カテゴリーは前回と一緒
before descendant: Patterns, now descendant: Patterns
before ancestor: Handmade, now ancestor: Handmade
前回と大カテゴリーが一緒
before ancestor: Handmade, now ancestor: Handmade
中カテゴリーは前回と一緒
before descendant: Patterns, now descendant: Patterns
before ancestor: Handmade, now ancestor: Handmade
前回と大カテゴリーが一緒
before ancestor: Handmade, now ancestor: Handmade
中カテゴリーは前回と一緒
before descendant: Patterns, now descendant: Patterns
before ancestor: Handmade, now ancestor: Handmade
前回と大カテゴリーが一緒
before ancestor: Handmade, now ancestor: Handmade
前回と中カテゴリーが一緒
before descendant: Patterns, now descendant: Pets
before ancestor: Handmade, now ancestor: Handmade
前回と大カテゴリーが一緒
before ancestor: Handmade, now ancestor: Handmade
中カテゴリーは前回と一緒
before descendant: Pets, now descendant: Pets
before ancestor: Handmade, now ancestor: Handmade
前回と大カテゴリーが一緒
before ancestor: Handmade, now ancestor: Handmade
中カテゴリーは前回と一緒
before descendant: Pets, now descendant: Pets
before ancestor: Handmade, now ancestor: Handmade
前回と大カテゴリーが一緒
before ancestor: Handmade, now ancestor: Handmade
中カテゴリーは前回と一緒
before descendant: Pets, now descendant: Pets
before ancestor: Handmade, now ancestor: Handmade
前回と大カテゴリーが一緒
before ancestor: Handmade, now ancestor: Handmade
中カテゴリーは前回と一緒
before descendant: Pets, now descendant: Pets
before ancestor: Handmade, now ancestor: Handmade
前回と大カテゴリーが一緒
before ancestor: Handmade, now ancestor: Handmade
中カテゴリーは前回と一緒
before descendant: Pets, now descendant: Pets
before ancestor: Handmade, now ancestor: Handmade
前回と大カテゴリーが一緒
before ancestor: Handmade, now ancestor: Handmade
中カテゴリーは前回と一緒
before descendant: Pets, now descendant: Pets
before ancestor: Handmade, now ancestor: Handmade
前回と大カテゴリーが一緒
before ancestor: Handmade, now ancestor: Handmade
中カテゴリーは前回と一緒
before descendant: Pets, now descendant: Pets
before ancestor: Handmade, now ancestor: Handmade
前回と大カテゴリーが一緒
before ancestor: Handmade, now ancestor: Handmade
中カテゴリーは前回と一緒
before descendant: Pets, now descendant: Pets
before ancestor: Handmade, now ancestor: Handmade
前回と大カテゴリーが一緒
before ancestor: Handmade, now ancestor: Handmade
中カテゴリーは前回と一緒
before descendant: Pets, now descendant: Pets
before ancestor: Handmade, now ancestor: Handmade
前回と大カテゴリーが一緒
before ancestor: Handmade, now ancestor: Handmade
中カテゴリーは前回と一緒
before descendant: Pets, now descendant: Pets
before ancestor: Handmade, now ancestor: Handmade
前回と大カテゴリーが一緒
before ancestor: Handmade, now ancestor: Handmade
中カテゴリーは前回と一緒
before descendant: Pets, now descendant: Pets
before ancestor: Handmade, now ancestor: Handmade
前回と大カテゴリーが一緒
before ancestor: Handmade, now ancestor: Handmade
中カテゴリーは前回と一緒
before descendant: Pets, now descendant: Pets
before ancestor: Handmade, now ancestor: Handmade
前回と大カテゴリーが一緒
before ancestor: Handmade, now ancestor: Handmade
中カテゴリーは前回と一緒
before descendant: Pets, now descendant: Pets
before ancestor: Handmade, now ancestor: Handmade
前回と大カテゴリーが一緒
before ancestor: Handmade, now ancestor: Handmade
中カテゴリーは前回と一緒
before descendant: Pets, now descendant: Pets
before ancestor: Handmade, now ancestor: Handmade
前回と大カテゴリーが一緒
before ancestor: Handmade, now ancestor: Handmade
前回と中カテゴリーが一緒
before descendant: Pets, now descendant: Quilts
before ancestor: Handmade, now ancestor: Handmade
前回と大カテゴリーが一緒
before ancestor: Handmade, now ancestor: Handmade
中カテゴリーは前回と一緒
before descendant: Quilts, now descendant: Quilts
before ancestor: Handmade, now ancestor: Handmade
前回と大カテゴリーが一緒
before ancestor: Handmade, now ancestor: Handmade
中カテゴリーは前回と一緒
before descendant: Quilts, now descendant: Quilts
before ancestor: Handmade, now ancestor: Handmade
前回と大カテゴリーが一緒
before ancestor: Handmade, now ancestor: Handmade
中カテゴリーは前回と一緒
before descendant: Quilts, now descendant: Quilts
before ancestor: Handmade, now ancestor: Handmade
前回と大カテゴリーが一緒
before ancestor: Handmade, now ancestor: Handmade
中カテゴリーは前回と一緒
before descendant: Quilts, now descendant: Quilts
before ancestor: Handmade, now ancestor: Handmade
前回と大カテゴリーが一緒
before ancestor: Handmade, now ancestor: Handmade
中カテゴリーは前回と一緒
before descendant: Quilts, now descendant: Quilts
before ancestor: Handmade, now ancestor: Handmade
前回と大カテゴリーが一緒
before ancestor: Handmade, now ancestor: Handmade
中カテゴリーは前回と一緒
before descendant: Quilts, now descendant: Quilts
before ancestor: Handmade, now ancestor: Handmade
前回と大カテゴリーが一緒
before ancestor: Handmade, now ancestor: Handmade
中カテゴリーは前回と一緒
before descendant: Quilts, now descendant: Quilts
before ancestor: Handmade, now ancestor: Handmade
前回と大カテゴリーが一緒
before ancestor: Handmade, now ancestor: Handmade
中カテゴリーは前回と一緒
before descendant: Quilts, now descendant: Quilts
before ancestor: Handmade, now ancestor: Handmade
前回と大カテゴリーが一緒
before ancestor: Handmade, now ancestor: Handmade
前回と中カテゴリーが一緒
before descendant: Quilts, now descendant: Toys
before ancestor: Handmade, now ancestor: Handmade
前回と大カテゴリーが一緒
before ancestor: Handmade, now ancestor: Handmade
中カテゴリーは前回と一緒
before descendant: Toys, now descendant: Toys
before ancestor: Handmade, now ancestor: Handmade
前回と大カテゴリーが一緒
before ancestor: Handmade, now ancestor: Handmade
中カテゴリーは前回と一緒
before descendant: Toys, now descendant: Toys
before ancestor: Handmade, now ancestor: Handmade
前回と大カテゴリーが一緒
before ancestor: Handmade, now ancestor: Handmade
中カテゴリーは前回と一緒
before descendant: Toys, now descendant: Toys
before ancestor: Handmade, now ancestor: Handmade
前回と大カテゴリーが一緒
before ancestor: Handmade, now ancestor: Handmade
中カテゴリーは前回と一緒
before descendant: Toys, now descendant: Toys
before ancestor: Handmade, now ancestor: Handmade
前回と大カテゴリーが一緒
before ancestor: Handmade, now ancestor: Handmade
中カテゴリーは前回と一緒
before descendant: Toys, now descendant: Toys
before ancestor: Handmade, now ancestor: Handmade
前回と大カテゴリーが一緒
before ancestor: Handmade, now ancestor: Handmade
中カテゴリーは前回と一緒
before descendant: Toys, now descendant: Toys
before ancestor: Handmade, now ancestor: Handmade
前回と大カテゴリーが一緒
before ancestor: Handmade, now ancestor: Handmade
中カテゴリーは前回と一緒
before descendant: Toys, now descendant: Toys
before ancestor: Handmade, now ancestor: Handmade
前回と大カテゴリーが一緒
before ancestor: Handmade, now ancestor: Handmade
前回と中カテゴリーが一緒
before descendant: Toys, now descendant: Weddings
before ancestor: Handmade, now ancestor: Handmade
前回と大カテゴリーが一緒
before ancestor: Handmade, now ancestor: Handmade
中カテゴリーは前回と一緒
before descendant: Weddings, now descendant: Weddings
before ancestor: Handmade, now ancestor: Handmade
前回と大カテゴリーが一緒
before ancestor: Handmade, now ancestor: Handmade
中カテゴリーは前回と一緒
before descendant: Weddings, now descendant: Weddings
before ancestor: Handmade, now ancestor: Handmade
前回と大カテゴリーが一緒
before ancestor: Handmade, now ancestor: Handmade
中カテゴリーは前回と一緒
before descendant: Weddings, now descendant: Weddings
before ancestor: Handmade, now ancestor: Handmade
前回と大カテゴリーが一緒
before ancestor: Handmade, now ancestor: Handmade
中カテゴリーは前回と一緒
before descendant: Weddings, now descendant: Weddings
before ancestor: Handmade, now ancestor: Handmade
前回と大カテゴリーが一緒
before ancestor: Handmade, now ancestor: Handmade
中カテゴリーは前回と一緒
before descendant: Weddings, now descendant: Weddings
before ancestor: Handmade, now ancestor: Handmade
前回と大カテゴリーが一緒
before ancestor: Handmade, now ancestor: Handmade
中カテゴリーは前回と一緒
before descendant: Weddings, now descendant: Weddings
before ancestor: Handmade, now ancestor: Handmade
前回と大カテゴリーが一緒
before ancestor: Handmade, now ancestor: Handmade
中カテゴリーは前回と一緒
before descendant: Weddings, now descendant: Weddings
before ancestor: Handmade, now ancestor: Handmade
前回と大カテゴリーが一緒
before ancestor: Handmade, now ancestor: Handmade
中カテゴリーは前回と一緒
before descendant: Weddings, now descendant: Weddings
before ancestor: Handmade, now ancestor: Handmade
前回と大カテゴリーが一緒
before ancestor: Handmade, now ancestor: Handmade
中カテゴリーは前回と一緒
before descendant: Weddings, now descendant: Weddings
before ancestor: Handmade, now ancestor: Handmade
前回と大カテゴリーが一緒
before ancestor: Handmade, now ancestor: Handmade
中カテゴリーは前回と一緒
before descendant: Weddings, now descendant: Weddings
before ancestor: Handmade, now ancestor: Handmade
前回と大カテゴリーが一緒
before ancestor: Handmade, now ancestor: Handmade
中カテゴリーは前回と一緒
before descendant: Weddings, now descendant: Weddings
before ancestor: Handmade, now ancestor: Handmade
前回と大カテゴリーが一緒
before ancestor: Handmade, now ancestor: Handmade
中カテゴリーは前回と一緒
before descendant: Weddings, now descendant: Weddings
before ancestor: Handmade, now ancestor: Handmade
前回と大カテゴリーが一緒
before ancestor: Handmade, now ancestor: Handmade
中カテゴリーは前回と一緒
before descendant: Weddings, now descendant: Weddings
before ancestor: Handmade, now ancestor: Handmade
前回と大カテゴリーが一緒
before ancestor: Handmade, now ancestor: Handmade
中カテゴリーは前回と一緒
before descendant: Weddings, now descendant: Weddings
before ancestor: Handmade, now ancestor: Handmade
前回と大カテゴリーが一緒
before ancestor: Handmade, now ancestor: Handmade
中カテゴリーは前回と一緒
before descendant: Weddings, now descendant: Weddings
before ancestor: Handmade, now ancestor: Handmade
前回と大カテゴリーが一緒
before ancestor: Handmade, now ancestor: Handmade
中カテゴリーは前回と一緒
before descendant: Weddings, now descendant: Weddings
before ancestor: Handmade, now ancestor: Handmade
前回と大カテゴリーが一緒
before ancestor: Handmade, now ancestor: Handmade
中カテゴリーは前回と一緒
before descendant: Weddings, now descendant: Weddings
before ancestor: Handmade, now ancestor: Handmade
前回と大カテゴリーが一緒
before ancestor: Handmade, now ancestor: Handmade
前回と中カテゴリーが一緒
before descendant: Weddings, now descendant: Woodworking
before ancestor: Handmade, now ancestor: Handmade
前回と大カテゴリーが一緒
before ancestor: Handmade, now ancestor: Handmade
中カテゴリーは前回と一緒
before descendant: Woodworking, now descendant: Woodworking
before ancestor: Handmade, now ancestor: Handmade
前回と大カテゴリーが一緒
before ancestor: Handmade, now ancestor: Handmade
中カテゴリーは前回と一緒
before descendant: Woodworking, now descendant: Woodworking
before ancestor: Handmade, now ancestor: Handmade
前回と大カテゴリーが一緒
before ancestor: Handmade, now ancestor: Handmade
中カテゴリーは前回と一緒
before descendant: Woodworking, now descendant: Woodworking
before ancestor: Handmade, now ancestor: Handmade
前回と大カテゴリーが一緒
before ancestor: Handmade, now ancestor: Handmade
中カテゴリーは前回と一緒
before descendant: Woodworking, now descendant: Woodworking
before ancestor: Handmade, now ancestor: Handmade
前回と大カテゴリーが一緒
before ancestor: Handmade, now ancestor: Handmade
中カテゴリーは前回と一緒
before descendant: Woodworking, now descendant: Woodworking
before ancestor: Handmade, now ancestor: Handmade
前回と大カテゴリーが一緒
before ancestor: Handmade, now ancestor: Handmade
中カテゴリーは前回と一緒
before descendant: Woodworking, now descendant: Woodworking
before ancestor: Handmade, now ancestor: Handmade
前回と大カテゴリーが一緒
before ancestor: Handmade, now ancestor: Handmade
中カテゴリーは前回と一緒
before descendant: Woodworking, now descendant: Woodworking
before ancestor: Handmade, now ancestor: Handmade
前回と大カテゴリーが一緒
before ancestor: Handmade, now ancestor: Handmade
中カテゴリーは前回と一緒
before descendant: Woodworking, now descendant: Woodworking
before ancestor: Handmade, now ancestor: Handmade
前回と大カテゴリーが一緒
before ancestor: Handmade, now ancestor: Handmade
中カテゴリーは前回と一緒
before descendant: Woodworking, now descendant: Woodworking
before ancestor: Handmade, now ancestor: Handmade
前回と大カテゴリーが一緒
before ancestor: Handmade, now ancestor: Handmade
中カテゴリーは前回と一緒
before descendant: Woodworking, now descendant: Woodworking
before ancestor: Handmade, now ancestor: Handmade
前回と大カテゴリーが一緒
before ancestor: Handmade, now ancestor: Handmade
中カテゴリーは前回と一緒
before descendant: Woodworking, now descendant: Woodworking
before ancestor: Handmade, now ancestor: Handmade
前回と大カテゴリーが一緒
before ancestor: Handmade, now ancestor: Handmade
中カテゴリーは前回と一緒
before descendant: Woodworking, now descendant: Woodworking
before ancestor: Handmade, now ancestor: Handmade
前回と大カテゴリーが一緒
before ancestor: Handmade, now ancestor: Handmade
中カテゴリーは前回と一緒
before descendant: Woodworking, now descendant: Woodworking
before ancestor: Handmade, now ancestor: Home
新しい大カテゴリーの登場
before ancestor: Handmade, now ancestor: Home
新しい中カテゴリーの登場
before descendant: Woodworking, now descendant: Artwork
before ancestor: Home, now ancestor: Home
前回と大カテゴリーが一緒
before ancestor: Home, now ancestor: Home
中カテゴリーは前回と一緒
before descendant: Artwork, now descendant: Artwork
before ancestor: Home, now ancestor: Home
前回と大カテゴリーが一緒
before ancestor: Home, now ancestor: Home
中カテゴリーは前回と一緒
before descendant: Artwork, now descendant: Artwork
before ancestor: Home, now ancestor: Home
前回と大カテゴリーが一緒
before ancestor: Home, now ancestor: Home
中カテゴリーは前回と一緒
before descendant: Artwork, now descendant: Artwork
before ancestor: Home, now ancestor: Home
前回と大カテゴリーが一緒
before ancestor: Home, now ancestor: Home
中カテゴリーは前回と一緒
before descendant: Artwork, now descendant: Artwork
before ancestor: Home, now ancestor: Home
前回と大カテゴリーが一緒
before ancestor: Home, now ancestor: Home
中カテゴリーは前回と一緒
before descendant: Artwork, now descendant: Artwork
before ancestor: Home, now ancestor: Home
前回と大カテゴリーが一緒
before ancestor: Home, now ancestor: Home
前回と中カテゴリーが一緒
before descendant: Artwork, now descendant: Bath
before ancestor: Home, now ancestor: Home
前回と大カテゴリーが一緒
before ancestor: Home, now ancestor: Home
中カテゴリーは前回と一緒
before descendant: Bath, now descendant: Bath
before ancestor: Home, now ancestor: Home
前回と大カテゴリーが一緒
before ancestor: Home, now ancestor: Home
中カテゴリーは前回と一緒
before descendant: Bath, now descendant: Bath
before ancestor: Home, now ancestor: Home
前回と大カテゴリーが一緒
before ancestor: Home, now ancestor: Home
中カテゴリーは前回と一緒
before descendant: Bath, now descendant: Bath
before ancestor: Home, now ancestor: Home
前回と大カテゴリーが一緒
before ancestor: Home, now ancestor: Home
中カテゴリーは前回と一緒
before descendant: Bath, now descendant: Bath
before ancestor: Home, now ancestor: Home
前回と大カテゴリーが一緒
before ancestor: Home, now ancestor: Home
中カテゴリーは前回と一緒
before descendant: Bath, now descendant: Bath
before ancestor: Home, now ancestor: Home
前回と大カテゴリーが一緒
before ancestor: Home, now ancestor: Home
中カテゴリーは前回と一緒
before descendant: Bath, now descendant: Bath
before ancestor: Home, now ancestor: Home
前回と大カテゴリーが一緒
before ancestor: Home, now ancestor: Home
前回と中カテゴリーが一緒
before descendant: Bath, now descendant: Bedding
before ancestor: Home, now ancestor: Home
前回と大カテゴリーが一緒
before ancestor: Home, now ancestor: Home
中カテゴリーは前回と一緒
before descendant: Bedding, now descendant: Bedding
before ancestor: Home, now ancestor: Home
前回と大カテゴリーが一緒
before ancestor: Home, now ancestor: Home
中カテゴリーは前回と一緒
before descendant: Bedding, now descendant: Bedding
before ancestor: Home, now ancestor: Home
前回と大カテゴリーが一緒
before ancestor: Home, now ancestor: Home
中カテゴリーは前回と一緒
before descendant: Bedding, now descendant: Bedding
before ancestor: Home, now ancestor: Home
前回と大カテゴリーが一緒
before ancestor: Home, now ancestor: Home
中カテゴリーは前回と一緒
before descendant: Bedding, now descendant: Bedding
before ancestor: Home, now ancestor: Home
前回と大カテゴリーが一緒
before ancestor: Home, now ancestor: Home
中カテゴリーは前回と一緒
before descendant: Bedding, now descendant: Bedding
before ancestor: Home, now ancestor: Home
前回と大カテゴリーが一緒
[...]
前回と大カテゴリーが一緒
before ancestor: Women, now ancestor: Women
中カテゴリーは前回と一緒
before descendant: Jeans, now descendant: Jeans
before ancestor: Women, now ancestor: Women
前回と大カテゴリーが一緒
before ancestor: Women, now ancestor: Women
中カテゴリーは前回と一緒
before descendant: Jeans, now descendant: Jeans
before ancestor: Women, now ancestor: Women
前回と大カテゴリーが一緒
before ancestor: Women, now ancestor: Women
中カテゴリーは前回と一緒
before descendant: Jeans, now descendant: Jeans
before ancestor: Women, now ancestor: Women
前回と大カテゴリーが一緒
before ancestor: Women, now ancestor: Women
中カテゴリーは前回と一緒
before descendant: Jeans, now descendant: Jeans
before ancestor: Women, now ancestor: Women
前回と大カテゴリーが一緒
before ancestor: Women, now ancestor: Women
中カテゴリーは前回と一緒
before descendant: Jeans, now descendant: Jeans
before ancestor: Women, now ancestor: Women
前回と大カテゴリーが一緒
before ancestor: Women, now ancestor: Women
中カテゴリーは前回と一緒
before descendant: Jeans, now descendant: Jeans
before ancestor: Women, now ancestor: Women
前回と大カテゴリーが一緒
before ancestor: Women, now ancestor: Women
中カテゴリーは前回と一緒
before descendant: Jeans, now descendant: Jeans
before ancestor: Women, now ancestor: Women
前回と大カテゴリーが一緒
before ancestor: Women, now ancestor: Women
中カテゴリーは前回と一緒
before descendant: Jeans, now descendant: Jeans
before ancestor: Women, now ancestor: Women
前回と大カテゴリーが一緒
before ancestor: Women, now ancestor: Women
中カテゴリーは前回と一緒
before descendant: Jeans, now descendant: Jeans
before ancestor: Women, now ancestor: Women
前回と大カテゴリーが一緒
before ancestor: Women, now ancestor: Women
前回と中カテゴリーが一緒
before descendant: Jeans, now descendant: Jewelry
before ancestor: Women, now ancestor: Women
前回と大カテゴリーが一緒
before ancestor: Women, now ancestor: Women
中カテゴリーは前回と一緒
before descendant: Jewelry, now descendant: Jewelry
before ancestor: Women, now ancestor: Women
前回と大カテゴリーが一緒
before ancestor: Women, now ancestor: Women
中カテゴリーは前回と一緒
before descendant: Jewelry, now descendant: Jewelry
before ancestor: Women, now ancestor: Women
前回と大カテゴリーが一緒
before ancestor: Women, now ancestor: Women
中カテゴリーは前回と一緒
before descendant: Jewelry, now descendant: Jewelry
before ancestor: Women, now ancestor: Women
前回と大カテゴリーが一緒
before ancestor: Women, now ancestor: Women
前回と中カテゴリーが一緒
before descendant: Jewelry, now descendant: Maternity
before ancestor: Women, now ancestor: Women
前回と大カテゴリーが一緒
before ancestor: Women, now ancestor: Women
中カテゴリーは前回と一緒
before descendant: Maternity, now descendant: Maternity
before ancestor: Women, now ancestor: Women
前回と大カテゴリーが一緒
before ancestor: Women, now ancestor: Women
中カテゴリーは前回と一緒
before descendant: Maternity, now descendant: Maternity
before ancestor: Women, now ancestor: Women
前回と大カテゴリーが一緒
before ancestor: Women, now ancestor: Women
中カテゴリーは前回と一緒
before descendant: Maternity, now descendant: Maternity
before ancestor: Women, now ancestor: Women
前回と大カテゴリーが一緒
before ancestor: Women, now ancestor: Women
中カテゴリーは前回と一緒
before descendant: Maternity, now descendant: Maternity
before ancestor: Women, now ancestor: Women
前回と大カテゴリーが一緒
before ancestor: Women, now ancestor: Women
中カテゴリーは前回と一緒
before descendant: Maternity, now descendant: Maternity
before ancestor: Women, now ancestor: Women
前回と大カテゴリーが一緒
before ancestor: Women, now ancestor: Women
中カテゴリーは前回と一緒
before descendant: Maternity, now descendant: Maternity
before ancestor: Women, now ancestor: Women
前回と大カテゴリーが一緒
before ancestor: Women, now ancestor: Women
中カテゴリーは前回と一緒
before descendant: Maternity, now descendant: Maternity
before ancestor: Women, now ancestor: Women
前回と大カテゴリーが一緒
before ancestor: Women, now ancestor: Women
中カテゴリーは前回と一緒
before descendant: Maternity, now descendant: Maternity
before ancestor: Women, now ancestor: Women
前回と大カテゴリーが一緒
before ancestor: Women, now ancestor: Women
中カテゴリーは前回と一緒
before descendant: Maternity, now descendant: Maternity
before ancestor: Women, now ancestor: Women
前回と大カテゴリーが一緒
before ancestor: Women, now ancestor: Women
前回と中カテゴリーが一緒
before descendant: Maternity, now descendant: Other
before ancestor: Women, now ancestor: Women
前回と大カテゴリーが一緒
before ancestor: Women, now ancestor: Women
前回と中カテゴリーが一緒
before descendant: Other, now descendant: Pants
before ancestor: Women, now ancestor: Women
前回と大カテゴリーが一緒
before ancestor: Women, now ancestor: Women
中カテゴリーは前回と一緒
before descendant: Pants, now descendant: Pants
before ancestor: Women, now ancestor: Women
前回と大カテゴリーが一緒
before ancestor: Women, now ancestor: Women
中カテゴリーは前回と一緒
before descendant: Pants, now descendant: Pants
before ancestor: Women, now ancestor: Women
前回と大カテゴリーが一緒
before ancestor: Women, now ancestor: Women
中カテゴリーは前回と一緒
before descendant: Pants, now descendant: Pants
before ancestor: Women, now ancestor: Women
前回と大カテゴリーが一緒
before ancestor: Women, now ancestor: Women
中カテゴリーは前回と一緒
before descendant: Pants, now descendant: Pants
before ancestor: Women, now ancestor: Women
前回と大カテゴリーが一緒
before ancestor: Women, now ancestor: Women
中カテゴリーは前回と一緒
before descendant: Pants, now descendant: Pants
before ancestor: Women, now ancestor: Women
前回と大カテゴリーが一緒
before ancestor: Women, now ancestor: Women
中カテゴリーは前回と一緒
before descendant: Pants, now descendant: Pants
before ancestor: Women, now ancestor: Women
前回と大カテゴリーが一緒
before ancestor: Women, now ancestor: Women
中カテゴリーは前回と一緒
before descendant: Pants, now descendant: Pants
before ancestor: Women, now ancestor: Women
前回と大カテゴリーが一緒
before ancestor: Women, now ancestor: Women
中カテゴリーは前回と一緒
before descendant: Pants, now descendant: Pants
before ancestor: Women, now ancestor: Women
前回と大カテゴリーが一緒
before ancestor: Women, now ancestor: Women
前回と中カテゴリーが一緒
before descendant: Pants, now descendant: Shoes
before ancestor: Women, now ancestor: Women
前回と大カテゴリーが一緒
before ancestor: Women, now ancestor: Women
中カテゴリーは前回と一緒
before descendant: Shoes, now descendant: Shoes
before ancestor: Women, now ancestor: Women
前回と大カテゴリーが一緒
before ancestor: Women, now ancestor: Women
中カテゴリーは前回と一緒
before descendant: Shoes, now descendant: Shoes
before ancestor: Women, now ancestor: Women
前回と大カテゴリーが一緒
before ancestor: Women, now ancestor: Women
中カテゴリーは前回と一緒
before descendant: Shoes, now descendant: Shoes
before ancestor: Women, now ancestor: Women
前回と大カテゴリーが一緒
before ancestor: Women, now ancestor: Women
中カテゴリーは前回と一緒
before descendant: Shoes, now descendant: Shoes
before ancestor: Women, now ancestor: Women
前回と大カテゴリーが一緒
before ancestor: Women, now ancestor: Women
中カテゴリーは前回と一緒
before descendant: Shoes, now descendant: Shoes
before ancestor: Women, now ancestor: Women
前回と大カテゴリーが一緒
before ancestor: Women, now ancestor: Women
中カテゴリーは前回と一緒
before descendant: Shoes, now descendant: Shoes
before ancestor: Women, now ancestor: Women
前回と大カテゴリーが一緒
before ancestor: Women, now ancestor: Women
中カテゴリーは前回と一緒
before descendant: Shoes, now descendant: Shoes
before ancestor: Women, now ancestor: Women
前回と大カテゴリーが一緒
before ancestor: Women, now ancestor: Women
中カテゴリーは前回と一緒
before descendant: Shoes, now descendant: Shoes
before ancestor: Women, now ancestor: Women
前回と大カテゴリーが一緒
before ancestor: Women, now ancestor: Women
中カテゴリーは前回と一緒
before descendant: Shoes, now descendant: Shoes
before ancestor: Women, now ancestor: Women
前回と大カテゴリーが一緒
before ancestor: Women, now ancestor: Women
中カテゴリーは前回と一緒
before descendant: Shoes, now descendant: Shoes
before ancestor: Women, now ancestor: Women
前回と大カテゴリーが一緒
before ancestor: Women, now ancestor: Women
中カテゴリーは前回と一緒
before descendant: Shoes, now descendant: Shoes
before ancestor: Women, now ancestor: Women
前回と大カテゴリーが一緒
before ancestor: Women, now ancestor: Women
中カテゴリーは前回と一緒
before descendant: Shoes, now descendant: Shoes
before ancestor: Women, now ancestor: Women
前回と大カテゴリーが一緒
before ancestor: Women, now ancestor: Women
前回と中カテゴリーが一緒
before descendant: Shoes, now descendant: Skirts
before ancestor: Women, now ancestor: Women
前回と大カテゴリーが一緒
before ancestor: Women, now ancestor: Women
中カテゴリーは前回と一緒
before descendant: Skirts, now descendant: Skirts
before ancestor: Women, now ancestor: Women
前回と大カテゴリーが一緒
before ancestor: Women, now ancestor: Women
中カテゴリーは前回と一緒
before descendant: Skirts, now descendant: Skirts
before ancestor: Women, now ancestor: Women
前回と大カテゴリーが一緒
before ancestor: Women, now ancestor: Women
中カテゴリーは前回と一緒
before descendant: Skirts, now descendant: Skirts
before ancestor: Women, now ancestor: Women
前回と大カテゴリーが一緒
before ancestor: Women, now ancestor: Women
中カテゴリーは前回と一緒
before descendant: Skirts, now descendant: Skirts
before ancestor: Women, now ancestor: Women
前回と大カテゴリーが一緒
before ancestor: Women, now ancestor: Women
中カテゴリーは前回と一緒
before descendant: Skirts, now descendant: Skirts
before ancestor: Women, now ancestor: Women
前回と大カテゴリーが一緒
before ancestor: Women, now ancestor: Women
中カテゴリーは前回と一緒
before descendant: Skirts, now descendant: Skirts
before ancestor: Women, now ancestor: Women
前回と大カテゴリーが一緒
before ancestor: Women, now ancestor: Women
中カテゴリーは前回と一緒
before descendant: Skirts, now descendant: Skirts
before ancestor: Women, now ancestor: Women
前回と大カテゴリーが一緒
before ancestor: Women, now ancestor: Women
中カテゴリーは前回と一緒
before descendant: Skirts, now descendant: Skirts
before ancestor: Women, now ancestor: Women
前回と大カテゴリーが一緒
before ancestor: Women, now ancestor: Women
中カテゴリーは前回と一緒
before descendant: Skirts, now descendant: Skirts
before ancestor: Women, now ancestor: Women
前回と大カテゴリーが一緒
before ancestor: Women, now ancestor: Women
中カテゴリーは前回と一緒
before descendant: Skirts, now descendant: Skirts
before ancestor: Women, now ancestor: Women
前回と大カテゴリーが一緒
before ancestor: Women, now ancestor: Women
中カテゴリーは前回と一緒
before descendant: Skirts, now descendant: Skirts
before ancestor: Women, now ancestor: Women
前回と大カテゴリーが一緒
before ancestor: Women, now ancestor: Women
前回と中カテゴリーが一緒
before descendant: Skirts, now descendant: Suits & Blazers
before ancestor: Women, now ancestor: Women
前回と大カテゴリーが一緒
before ancestor: Women, now ancestor: Women
中カテゴリーは前回と一緒
before descendant: Suits & Blazers, now descendant: Suits & Blazers
before ancestor: Women, now ancestor: Women
前回と大カテゴリーが一緒
before ancestor: Women, now ancestor: Women
中カテゴリーは前回と一緒
before descendant: Suits & Blazers, now descendant: Suits & Blazers
before ancestor: Women, now ancestor: Women
前回と大カテゴリーが一緒
before ancestor: Women, now ancestor: Women
中カテゴリーは前回と一緒
before descendant: Suits & Blazers, now descendant: Suits & Blazers
before ancestor: Women, now ancestor: Women
前回と大カテゴリーが一緒
before ancestor: Women, now ancestor: Women
中カテゴリーは前回と一緒
before descendant: Suits & Blazers, now descendant: Suits & Blazers
before ancestor: Women, now ancestor: Women
前回と大カテゴリーが一緒
before ancestor: Women, now ancestor: Women
前回と中カテゴリーが一緒
before descendant: Suits & Blazers, now descendant: Sweaters
before ancestor: Women, now ancestor: Women
前回と大カテゴリーが一緒
before ancestor: Women, now ancestor: Women
中カテゴリーは前回と一緒
before descendant: Sweaters, now descendant: Sweaters
before ancestor: Women, now ancestor: Women
前回と大カテゴリーが一緒
before ancestor: Women, now ancestor: Women
中カテゴリーは前回と一緒
before descendant: Sweaters, now descendant: Sweaters
before ancestor: Women, now ancestor: Women
前回と大カテゴリーが一緒
before ancestor: Women, now ancestor: Women
中カテゴリーは前回と一緒
before descendant: Sweaters, now descendant: Sweaters
before ancestor: Women, now ancestor: Women
前回と大カテゴリーが一緒
before ancestor: Women, now ancestor: Women
中カテゴリーは前回と一緒
before descendant: Sweaters, now descendant: Sweaters
before ancestor: Women, now ancestor: Women
前回と大カテゴリーが一緒
before ancestor: Women, now ancestor: Women
中カテゴリーは前回と一緒
before descendant: Sweaters, now descendant: Sweaters
before ancestor: Women, now ancestor: Women
前回と大カテゴリーが一緒
before ancestor: Women, now ancestor: Women
中カテゴリーは前回と一緒
before descendant: Sweaters, now descendant: Sweaters
before ancestor: Women, now ancestor: Women
前回と大カテゴリーが一緒
before ancestor: Women, now ancestor: Women
中カテゴリーは前回と一緒
before descendant: Sweaters, now descendant: Sweaters
before ancestor: Women, now ancestor: Women
前回と大カテゴリーが一緒
before ancestor: Women, now ancestor: Women
中カテゴリーは前回と一緒
before descendant: Sweaters, now descendant: Sweaters
before ancestor: Women, now ancestor: Women
前回と大カテゴリーが一緒
before ancestor: Women, now ancestor: Women
中カテゴリーは前回と一緒
before descendant: Sweaters, now descendant: Sweaters
before ancestor: Women, now ancestor: Women
前回と大カテゴリーが一緒
before ancestor: Women, now ancestor: Women
中カテゴリーは前回と一緒
before descendant: Sweaters, now descendant: Sweaters
before ancestor: Women, now ancestor: Women
前回と大カテゴリーが一緒
before ancestor: Women, now ancestor: Women
中カテゴリーは前回と一緒
before descendant: Sweaters, now descendant: Sweaters
before ancestor: Women, now ancestor: Women
前回と大カテゴリーが一緒
before ancestor: Women, now ancestor: Women
中カテゴリーは前回と一緒
before descendant: Sweaters, now descendant: Sweaters
before ancestor: Women, now ancestor: Women
前回と大カテゴリーが一緒
before ancestor: Women, now ancestor: Women
中カテゴリーは前回と一緒
before descendant: Sweaters, now descendant: Sweaters
before ancestor: Women, now ancestor: Women
前回と大カテゴリーが一緒
before ancestor: Women, now ancestor: Women
中カテゴリーは前回と一緒
before descendant: Sweaters, now descendant: Sweaters
before ancestor: Women, now ancestor: Women
前回と大カテゴリーが一緒
before ancestor: Women, now ancestor: Women
中カテゴリーは前回と一緒
before descendant: Sweaters, now descendant: Sweaters
before ancestor: Women, now ancestor: Women
前回と大カテゴリーが一緒
before ancestor: Women, now ancestor: Women
中カテゴリーは前回と一緒
before descendant: Sweaters, now descendant: Sweaters
before ancestor: Women, now ancestor: Women
前回と大カテゴリーが一緒
before ancestor: Women, now ancestor: Women
前回と中カテゴリーが一緒
before descendant: Sweaters, now descendant: Swimwear
before ancestor: Women, now ancestor: Women
前回と大カテゴリーが一緒
before ancestor: Women, now ancestor: Women
中カテゴリーは前回と一緒
before descendant: Swimwear, now descendant: Swimwear
before ancestor: Women, now ancestor: Women
前回と大カテゴリーが一緒
before ancestor: Women, now ancestor: Women
中カテゴリーは前回と一緒
before descendant: Swimwear, now descendant: Swimwear
before ancestor: Women, now ancestor: Women
前回と大カテゴリーが一緒
before ancestor: Women, now ancestor: Women
中カテゴリーは前回と一緒
before descendant: Swimwear, now descendant: Swimwear
before ancestor: Women, now ancestor: Women
前回と大カテゴリーが一緒
before ancestor: Women, now ancestor: Women
前回と中カテゴリーが一緒
before descendant: Swimwear, now descendant: Tops & Blouses
before ancestor: Women, now ancestor: Women
前回と大カテゴリーが一緒
before ancestor: Women, now ancestor: Women
中カテゴリーは前回と一緒
before descendant: Tops & Blouses, now descendant: Tops & Blouses
before ancestor: Women, now ancestor: Women
前回と大カテゴリーが一緒
before ancestor: Women, now ancestor: Women
中カテゴリーは前回と一緒
before descendant: Tops & Blouses, now descendant: Tops & Blouses
before ancestor: Women, now ancestor: Women
前回と大カテゴリーが一緒
before ancestor: Women, now ancestor: Women
中カテゴリーは前回と一緒
before descendant: Tops & Blouses, now descendant: Tops & Blouses
before ancestor: Women, now ancestor: Women
前回と大カテゴリーが一緒
before ancestor: Women, now ancestor: Women
中カテゴリーは前回と一緒
before descendant: Tops & Blouses, now descendant: Tops & Blouses
before ancestor: Women, now ancestor: Women
前回と大カテゴリーが一緒
before ancestor: Women, now ancestor: Women
中カテゴリーは前回と一緒
before descendant: Tops & Blouses, now descendant: Tops & Blouses
before ancestor: Women, now ancestor: Women
前回と大カテゴリーが一緒
before ancestor: Women, now ancestor: Women
中カテゴリーは前回と一緒
before descendant: Tops & Blouses, now descendant: Tops & Blouses
before ancestor: Women, now ancestor: Women
前回と大カテゴリーが一緒
before ancestor: Women, now ancestor: Women
中カテゴリーは前回と一緒
before descendant: Tops & Blouses, now descendant: Tops & Blouses
before ancestor: Women, now ancestor: Women
前回と大カテゴリーが一緒
before ancestor: Women, now ancestor: Women
中カテゴリーは前回と一緒
before descendant: Tops & Blouses, now descendant: Tops & Blouses
before ancestor: Women, now ancestor: Women
前回と大カテゴリーが一緒
before ancestor: Women, now ancestor: Women
中カテゴリーは前回と一緒
before descendant: Tops & Blouses, now descendant: Tops & Blouses
before ancestor: Women, now ancestor: Women
前回と大カテゴリーが一緒
before ancestor: Women, now ancestor: Women
中カテゴリーは前回と一緒
before descendant: Tops & Blouses, now descendant: Tops & Blouses
before ancestor: Women, now ancestor: Women
前回と大カテゴリーが一緒
before ancestor: Women, now ancestor: Women
前回と中カテゴリーが一緒
before descendant: Tops & Blouses, now descendant: Underwear
before ancestor: Women, now ancestor: Women
前回と大カテゴリーが一緒
before ancestor: Women, now ancestor: Women
中カテゴリーは前回と一緒
before descendant: Underwear, now descendant: Underwear
before ancestor: Women, now ancestor: Women
前回と大カテゴリーが一緒
before ancestor: Women, now ancestor: Women
中カテゴリーは前回と一緒
before descendant: Underwear, now descendant: Underwear
before ancestor: Women, now ancestor: Women
前回と大カテゴリーが一緒
before ancestor: Women, now ancestor: Women
中カテゴリーは前回と一緒
before descendant: Underwear, now descendant: Underwear
before ancestor: Women, now ancestor: Women
前回と大カテゴリーが一緒
before ancestor: Women, now ancestor: Women
中カテゴリーは前回と一緒
before descendant: Underwear, now descendant: Underwear
before ancestor: Women, now ancestor: Women
前回と大カテゴリーが一緒
before ancestor: Women, now ancestor: Women
前回と中カテゴリーが一緒
before descendant: Underwear, now descendant: Women's Accessories
before ancestor: Women, now ancestor: Women
前回と大カテゴリーが一緒
before ancestor: Women, now ancestor: Women
中カテゴリーは前回と一緒
before descendant: Women's Accessories, now descendant: Women's Accessories
before ancestor: Women, now ancestor: Women
前回と大カテゴリーが一緒
before ancestor: Women, now ancestor: Women
中カテゴリーは前回と一緒
before descendant: Women's Accessories, now descendant: Women's Accessories
before ancestor: Women, now ancestor: Women
前回と大カテゴリーが一緒
before ancestor: Women, now ancestor: Women
中カテゴリーは前回と一緒
before descendant: Women's Accessories, now descendant: Women's Accessories
before ancestor: Women, now ancestor: Women
前回と大カテゴリーが一緒
before ancestor: Women, now ancestor: Women
中カテゴリーは前回と一緒
before descendant: Women's Accessories, now descendant: Women's Accessories
before ancestor: Women, now ancestor: Women
前回と大カテゴリーが一緒
before ancestor: Women, now ancestor: Women
中カテゴリーは前回と一緒
before descendant: Women's Accessories, now descendant: Women's Accessories
before ancestor: Women, now ancestor: Women
前回と大カテゴリーが一緒
before ancestor: Women, now ancestor: Women
中カテゴリーは前回と一緒
before descendant: Women's Accessories, now descendant: Women's Accessories
before ancestor: Women, now ancestor: Women
前回と大カテゴリーが一緒
before ancestor: Women, now ancestor: Women
中カテゴリーは前回と一緒
before descendant: Women's Accessories, now descendant: Women's Accessories
before ancestor: Women, now ancestor: Women
前回と大カテゴリーが一緒
before ancestor: Women, now ancestor: Women
前回と中カテゴリーが一緒
before descendant: Women's Accessories, now descendant: Women's Handbags
before ancestor: Women, now ancestor: Women
前回と大カテゴリーが一緒
before ancestor: Women, now ancestor: Women
中カテゴリーは前回と一緒
before descendant: Women's Handbags, now descendant: Women's Handbags
before ancestor: Women, now ancestor: Women
前回と大カテゴリーが一緒
before ancestor: Women, now ancestor: Women
中カテゴリーは前回と一緒
before descendant: Women's Handbags, now descendant: Women's Handbags
before ancestor: Women, now ancestor: Women
前回と大カテゴリーが一緒
before ancestor: Women, now ancestor: Women
中カテゴリーは前回と一緒
before descendant: Women's Handbags, now descendant: Women's Handbags
before ancestor: Women, now ancestor: Women
前回と大カテゴリーが一緒
before ancestor: Women, now ancestor: Women
中カテゴリーは前回と一緒
before descendant: Women's Handbags, now descendant: Women's Handbags
before ancestor: Women, now ancestor: Women
前回と大カテゴリーが一緒
before ancestor: Women, now ancestor: Women
中カテゴリーは前回と一緒
before descendant: Women's Handbags, now descendant: Women's Handbags
before ancestor: Women, now ancestor: Women
前回と大カテゴリーが一緒
before ancestor: Women, now ancestor: Women
中カテゴリーは前回と一緒
before descendant: Women's Handbags, now descendant: Women's Handbags
before ancestor: Women, now ancestor: Women
前回と大カテゴリーが一緒
before ancestor: Women, now ancestor: Women
中カテゴリーは前回と一緒
before descendant: Women's Handbags, now descendant: Women's Handbags
before ancestor: Women, now ancestor: Women
前回と大カテゴリーが一緒
before ancestor: Women, now ancestor: Women
中カテゴリーは前回と一緒
before descendant: Women's Handbags, now descendant: Women's Handbags
]]></system-out>
  <system-err><![CDATA[]]></system-err>
</testsuite>
